This is pdfTeX, Version 3.1415926-2.5-1.40.14 (TeX Live 2013/Debian) (format=pdflatex 2015.9.1)  15 DEC 2015 21:52
entering extended mode
 restricted \write18 enabled.
 %&-line parsing enabled.
**cs446report.tex
(./cs446report.tex
LaTeX2e <2011/06/27>
Babel <3.9h> and hyphenation patterns for 78 languages loaded.
(/usr/share/texlive/texmf-dist/tex/latex/base/article.cls
Document Class: article 2007/10/19 v1.4h Standard LaTeX document class
(/usr/share/texlive/texmf-dist/tex/latex/base/size11.clo
File: size11.clo 2007/10/19 v1.4h Standard LaTeX file (size option)
)
\c@part=\count79
\c@section=\count80
\c@subsection=\count81
\c@subsubsection=\count82
\c@paragraph=\count83
\c@subparagraph=\count84
\c@figure=\count85
\c@table=\count86
\abovecaptionskip=\skip41
\belowcaptionskip=\skip42
\bibindent=\dimen102
) (./naaclhlt2016.sty
Conference Style for NAACL-HLT 2016 -- released October 13, 2015
\titlebox=\skip43
\naaclrulerbox=\box26
\naaclrulercount=\count87
\naaclruleroffset=\dimen103
\cv@lineheight=\dimen104
\cv@boxheight=\dimen105
\cv@tmpbox=\box27
\cv@refno=\count88
\cv@tot=\count89
\cv@tmpc@=\count90
\cv@tmpc=\count91
) (/usr/share/texlive/texmf-dist/tex/latex/psnfss/times.sty
Package: times 2005/04/12 PSNFSS-v9.2a (SPQR) 
)
(/usr/share/texlive/texmf-dist/tex/latex/base/latexsym.sty
Package: latexsym 1998/08/17 v2.2e Standard LaTeX package (lasy symbols)
\symlasy=\mathgroup4
LaTeX Font Info:    Overwriting symbol font `lasy' in version `bold'
(Font)                  U/lasy/m/n --> U/lasy/b/n on input line 47.
)
(/usr/share/texlive/texmf-dist/tex/latex/url/url.sty
\Urlmuskip=\muskip10
Package: url 2013/09/16  ver 3.4  Verb mode for urls, etc.
)
(/usr/share/texlive/texmf-dist/tex/latex/float/float.sty
Package: float 2001/11/08 v1.3d Float enhancements (AL)
\c@float@type=\count92
\float@exts=\toks14
\float@box=\box28
\@float@everytoks=\toks15
\@floatcapt=\box29
)
(/usr/share/texlive/texmf-dist/tex/latex/graphics/graphicx.sty
Package: graphicx 1999/02/16 v1.0f Enhanced LaTeX Graphics (DPC,SPQR)

(/usr/share/texlive/texmf-dist/tex/latex/graphics/keyval.sty
Package: keyval 1999/03/16 v1.13 key=value parser (DPC)
\KV@toks@=\toks16
)
(/usr/share/texlive/texmf-dist/tex/latex/graphics/graphics.sty
Package: graphics 2009/02/05 v1.0o Standard LaTeX Graphics (DPC,SPQR)

(/usr/share/texlive/texmf-dist/tex/latex/graphics/trig.sty
Package: trig 1999/03/16 v1.09 sin cos tan (DPC)
)
(/usr/share/texlive/texmf-dist/tex/latex/latexconfig/graphics.cfg
File: graphics.cfg 2010/04/23 v1.9 graphics configuration of TeX Live
)
Package graphics Info: Driver file: pdftex.def on input line 91.

(/usr/share/texlive/texmf-dist/tex/latex/pdftex-def/pdftex.def
File: pdftex.def 2011/05/27 v0.06d Graphics/color for pdfTeX

(/usr/share/texlive/texmf-dist/tex/generic/oberdiek/infwarerr.sty
Package: infwarerr 2010/04/08 v1.3 Providing info/warning/error messages (HO)
)
(/usr/share/texlive/texmf-dist/tex/generic/oberdiek/ltxcmds.sty
Package: ltxcmds 2011/11/09 v1.22 LaTeX kernel commands for general use (HO)
)
\Gread@gobject=\count93
))
\Gin@req@height=\dimen106
\Gin@req@width=\dimen107
)
(/usr/share/texlive/texmf-dist/tex/latex/subfigure/subfigure.sty
Package: subfigure 2002/03/15 v2.1.5 subfigure package
\subfigtopskip=\skip44
\subfigcapskip=\skip45
\subfigcaptopadj=\dimen108
\subfigbottomskip=\skip46
\subfigcapmargin=\dimen109
\subfiglabelskip=\skip47
\c@subfigure=\count94
\c@lofdepth=\count95
\c@subtable=\count96
\c@lotdepth=\count97

****************************************
* Local config file subfigure.cfg used *
****************************************
(/usr/share/texlive/texmf-dist/tex/latex/subfigure/subfigure.cfg)
\subfig@top=\skip48
\subfig@bottom=\skip49
)
(./cs446report.aux

LaTeX Warning: Label `Fig.sub.1' multiply defined.


LaTeX Warning: Label `sub@Fig.sub.1' multiply defined.


LaTeX Warning: Label `Fig.sub.2' multiply defined.


LaTeX Warning: Label `sub@Fig.sub.2' multiply defined.


LaTeX Warning: Label `Fig.lable' multiply defined.


LaTeX Warning: Label `Fig.sub.1' multiply defined.


LaTeX Warning: Label `sub@Fig.sub.1' multiply defined.


LaTeX Warning: Label `Fig.sub.2' multiply defined.


LaTeX Warning: Label `sub@Fig.sub.2' multiply defined.


LaTeX Warning: Label `Fig.lable' multiply defined.


LaTeX Warning: Label `Fig.sub.1' multiply defined.


LaTeX Warning: Label `sub@Fig.sub.1' multiply defined.


LaTeX Warning: Label `Fig.sub.1' multiply defined.


LaTeX Warning: Label `sub@Fig.sub.1' multiply defined.


LaTeX Warning: Label `Fig.sub.2' multiply defined.


LaTeX Warning: Label `sub@Fig.sub.2' multiply defined.


LaTeX Warning: Label `Fig2.lable' multiply defined.


LaTeX Warning: Label `Aho:72' multiply defined.


LaTeX Warning: Label `Aho:72' multiply defined.


LaTeX Warning: Label `Aho:72' multiply defined.

)
\openout1 = `cs446report.aux'.

LaTeX Font Info:    Checking defaults for OML/cmm/m/it on input line 30.
LaTeX Font Info:    ... okay on input line 30.
LaTeX Font Info:    Checking defaults for T1/cmr/m/n on input line 30.
LaTeX Font Info:    ... okay on input line 30.
LaTeX Font Info:    Checking defaults for OT1/cmr/m/n on input line 30.
LaTeX Font Info:    ... okay on input line 30.
LaTeX Font Info:    Checking defaults for OMS/cmsy/m/n on input line 30.
LaTeX Font Info:    ... okay on input line 30.
LaTeX Font Info:    Checking defaults for OMX/cmex/m/n on input line 30.
LaTeX Font Info:    ... okay on input line 30.
LaTeX Font Info:    Checking defaults for U/cmr/m/n on input line 30.
LaTeX Font Info:    ... okay on input line 30.
LaTeX Font Info:    Try loading font information for OT1+ptm on input line 30.
 (/usr/share/texlive/texmf-dist/tex/latex/psnfss/ot1ptm.fd
File: ot1ptm.fd 2001/06/04 font definitions for OT1/ptm.
)
ABD: EveryShipout initializing macros
(/usr/share/texlive/texmf-dist/tex/context/base/supp-pdf.mkii
[Loading MPS to PDF converter (version 2006.09.02).]
\scratchcounter=\count98
\scratchdimen=\dimen110
\scratchbox=\box30
\nofMPsegments=\count99
\nofMParguments=\count100
\everyMPshowfont=\toks17
\MPscratchCnt=\count101
\MPscratchDim=\dimen111
\MPnumerator=\count102
\makeMPintoPDFobject=\count103
\everyMPtoPDFconversion=\toks18
) (/usr/share/texlive/texmf-dist/tex/generic/oberdiek/pdftexcmds.sty
Package: pdftexcmds 2011/11/29 v0.20 Utility functions of pdfTeX for LuaTeX (HO
)

(/usr/share/texlive/texmf-dist/tex/generic/oberdiek/ifluatex.sty
Package: ifluatex 2010/03/01 v1.3 Provides the ifluatex switch (HO)
Package ifluatex Info: LuaTeX not detected.
)
(/usr/share/texlive/texmf-dist/tex/generic/oberdiek/ifpdf.sty
Package: ifpdf 2011/01/30 v2.3 Provides the ifpdf switch (HO)
Package ifpdf Info: pdfTeX in PDF mode is detected.
)
Package pdftexcmds Info: LuaTeX not detected.
Package pdftexcmds Info: \pdf@primitive is available.
Package pdftexcmds Info: \pdf@ifprimitive is available.
Package pdftexcmds Info: \pdfdraftmode found.
)
(/usr/share/texlive/texmf-dist/tex/latex/oberdiek/epstopdf-base.sty
Package: epstopdf-base 2010/02/09 v2.5 Base part for package epstopdf

(/usr/share/texlive/texmf-dist/tex/latex/oberdiek/grfext.sty
Package: grfext 2010/08/19 v1.1 Manage graphics extensions (HO)

(/usr/share/texlive/texmf-dist/tex/generic/oberdiek/kvdefinekeys.sty
Package: kvdefinekeys 2011/04/07 v1.3 Define keys (HO)
))
(/usr/share/texlive/texmf-dist/tex/latex/oberdiek/kvoptions.sty
Package: kvoptions 2011/06/30 v3.11 Key value format for package options (HO)

(/usr/share/texlive/texmf-dist/tex/generic/oberdiek/kvsetkeys.sty
Package: kvsetkeys 2012/04/25 v1.16 Key value parser (HO)

(/usr/share/texlive/texmf-dist/tex/generic/oberdiek/etexcmds.sty
Package: etexcmds 2011/02/16 v1.5 Avoid name clashes with e-TeX commands (HO)
Package etexcmds Info: Could not find \expanded.
(etexcmds)             That can mean that you are not using pdfTeX 1.50 or
(etexcmds)             that some package has redefined \expanded.
(etexcmds)             In the latter case, load this package earlier.
)))
Package grfext Info: Graphics extension search list:
(grfext)             [.png,.pdf,.jpg,.mps,.jpeg,.jbig2,.jb2,.PNG,.PDF,.JPG,.JPE
G,.JBIG2,.JB2,.eps]
(grfext)             \AppendGraphicsExtensions on input line 452.

(/usr/share/texlive/texmf-dist/tex/latex/latexconfig/epstopdf-sys.cfg
File: epstopdf-sys.cfg 2010/07/13 v1.3 Configuration of (r)epstopdf for TeX Liv
e
))
LaTeX Font Info:    Font shape `OT1/ptm/bx/n' in size <14.4> not available
(Font)              Font shape `OT1/ptm/b/n' tried instead on input line 32.
LaTeX Font Info:    External font `cmex10' loaded for size
(Font)              <12> on input line 32.
LaTeX Font Info:    External font `cmex10' loaded for size
(Font)              <8> on input line 32.
LaTeX Font Info:    External font `cmex10' loaded for size
(Font)              <6> on input line 32.
LaTeX Font Info:    Try loading font information for U+lasy on input line 32.

(/usr/share/texlive/texmf-dist/tex/latex/base/ulasy.fd
File: ulasy.fd 1998/08/17 v2.2e LaTeX symbol font definitions
)
LaTeX Font Info:    Font shape `OT1/ptm/bx/n' in size <12> not available
(Font)              Font shape `OT1/ptm/b/n' tried instead on input line 32.
LaTeX Font Info:    Try loading font information for OT1+pcr on input line 32.

(/usr/share/texlive/texmf-dist/tex/latex/psnfss/ot1pcr.fd
File: ot1pcr.fd 2001/06/04 font definitions for OT1/pcr.
)
Underfull \hbox (badness 10000) in paragraph at lines 40--41

 []


Underfull \hbox (badness 10000) in paragraph at lines 42--43

 []


Underfull \hbox (badness 1122) in paragraph at lines 44--45
\OT1/ptm/m/n/10.95 learn-ing al-go-rithms in orig-i-nal fea-ture space as
 []


Underfull \hbox (badness 10000) in paragraph at lines 44--45

 []


Underfull \hbox (badness 10000) in paragraph at lines 46--47

 []

LaTeX Font Info:    External font `cmex10' loaded for size
(Font)              <10.95> on input line 50.

Underfull \hbox (badness 2521) in paragraph at lines 50--51
\OT1/ptm/m/n/10.95 To suc-cess-fully ad-dress this multi-classification
 []


Underfull \hbox (badness 10000) in paragraph at lines 50--51
\OT1/pcr/m/n/10.95 fei . edu . br / []cet / facedatabase . html$\OT1/ptm/m/n/10
.95 )
 []


Underfull \hbox (badness 1270) in paragraph at lines 50--51
\OT1/ptm/m/n/10.95 face im-ages for 200 in-di-vid-u-als, in-clud-ing 100
 []


Underfull \hbox (badness 10000) in paragraph at lines 50--51

 []

LaTeX Font Info:    Font shape `OT1/ptm/bx/n' in size <10.95> not available
(Font)              Font shape `OT1/ptm/b/n' tried instead on input line 52.

Underfull \hbox (badness 10000) in paragraph at lines 52--53

 []

[1{/var/lib/texmf/fonts/map/pdftex/updmap/pdftex.map}



]
<2alittle.jpg, id=9, 162.6075pt x 193.72375pt>
File: 2alittle.jpg Graphic file (type jpg)
 <use 2alittle.jpg>
Package pdftex.def Info: 2alittle.jpg used on input line 58.
(pdftex.def)             Requested size: 93.94955pt x 111.93123pt.

<2blittle.jpg, id=10, 162.6075pt x 193.72375pt>
File: 2blittle.jpg Graphic file (type jpg)
 <use 2blittle.jpg>
Package pdftex.def Info: 2blittle.jpg used on input line 61.
(pdftex.def)             Requested size: 93.94955pt x 111.93123pt.
LaTeX Font Info:    Font shape `OT1/ptm/bx/n' in size <9> not available
(Font)              Font shape `OT1/ptm/b/n' tried instead on input line 62.

<2afront.jpg, id=11, 250.9375pt x 301.125pt>
File: 2afront.jpg Graphic file (type jpg)
 <use 2afront.jpg>
Package pdftex.def Info: 2afront.jpg used on input line 70.
(pdftex.def)             Requested size: 93.94955pt x 112.74239pt.

<2bfront.jpg, id=12, 250.9375pt x 301.125pt>
File: 2bfront.jpg Graphic file (type jpg)
 <use 2bfront.jpg>
Package pdftex.def Info: 2bfront.jpg used on input line 73.
(pdftex.def)             Requested size: 93.94955pt x 112.74239pt.

<2a.jpg, id=13, 260.975pt x 361.35pt>
File: 2a.jpg Graphic file (type jpg)
 <use 2a.jpg>
Package pdftex.def Info: 2a.jpg used on input line 82.
(pdftex.def)             Requested size: 93.94955pt x 130.08589pt.

<2b.jpg, id=14, 260.975pt x 361.35pt>
File: 2b.jpg Graphic file (type jpg)
 <use 2b.jpg>
Package pdftex.def Info: 2b.jpg used on input line 85.
(pdftex.def)             Requested size: 93.94955pt x 130.08589pt.

Underfull \hbox (badness 10000) in paragraph at lines 90--91

 []


Underfull \hbox (badness 1127) in paragraph at lines 97--98
[]\OT1/ptm/m/n/10.95 what's the dif-fer-ence be-tween orig-i-nal fea-
 []


Underfull \hbox (badness 1210) in paragraph at lines 100--101
[]\OT1/ptm/m/n/10.95 For prob-lem 1, we will com-pare 4 dif-fer-ent
 []


Underfull \hbox (badness 10000) in paragraph at lines 100--101

 []


Underfull \hbox (badness 1371) in paragraph at lines 104--105
\OT1/ptm/m/n/10.95 learn-ing method, we need to have train-ing set
 []


Underfull \hbox (badness 10000) in paragraph at lines 104--105

 []


Underfull \hbox (badness 1178) in paragraph at lines 106--107
[]\OT1/ptm/m/n/10.95 All pic-tures will be vec-tor-ized in to col-umn
 []


Underfull \hbox (badness 10000) in paragraph at lines 106--107

 []

[2 <./2alittle.jpg> <./2blittle.jpg> <./2afront.jpg> <./2bfront.jpg> <./2a.jpg>
 <./2b.jpg>]
Underfull \hbox (badness 10000) in paragraph at lines 113--114

 []

<meanFace.png, id=19, 318.43968pt x 377.15906pt>
File: meanFace.png Graphic file (type png)
 <use meanFace.png>
Package pdftex.def Info: meanFace.png used on input line 119.
(pdftex.def)             Requested size: 71.13078pt x 85.3578pt.

<meanFace2.png, id=20, 544.28343pt x 651.18282pt>
File: meanFace2.png Graphic file (type png)
 <use meanFace2.png>
Package pdftex.def Info: meanFace2.png used on input line 122.
(pdftex.def)             Requested size: 71.12474pt x 85.35226pt.

<meanFace3.png, id=21, 470.50781pt x 650.43pt>
File: meanFace3.png Graphic file (type png)
 <use meanFace3.png>
Package pdftex.def Info: meanFace3.png used on input line 125.
(pdftex.def)             Requested size: 65.43988pt x 85.35284pt.

Underfull \hbox (badness 1484) in paragraph at lines 130--131
\OT1/ptm/m/n/10.95 the PCA through Sin-gu-lar value de-com-po-si-tion
 []


Underfull \hbox (badness 1237) in paragraph at lines 130--131
\OT1/ptm/m/n/10.95 (SVD) over the co-vari-ance ma-trix. Since this
 []


Underfull \hbox (badness 10000) in paragraph at lines 130--131

 []


Underfull \hbox (badness 10000) in paragraph at lines 132--133

 []

<eigenFace.png, id=22, 743.77875pt x 549.55313pt>
File: eigenFace.png Graphic file (type png)
 <use eigenFace.png>
Package pdftex.def Info: eigenFace.png used on input line 136.
(pdftex.def)             Requested size: 227.62204pt x 168.17947pt.

Underfull \hbox (badness 4899) in paragraph at lines 141--142
[]\OT1/ptm/m/n/10.95 The cor-re-spond-ing ex-plained vari-ance ra-tio,
 []


Underfull \hbox (badness 1292) in paragraph at lines 141--142
\OT1/ptm/m/n/10.95 which mea-sures the rel-a-tive sig-nif-i-cance of the
 []


Underfull \hbox (badness 10000) in paragraph at lines 141--142

 []

<ratioChange.png, id=23, 901.11656pt x 622.57594pt>
File: ratioChange.png Graphic file (type png)
 <use ratioChange.png>
Package pdftex.def Info: ratioChange.png used on input line 145.
(pdftex.def)             Requested size: 241.84842pt x 167.09077pt.

Overfull \hbox (14.19781pt too wide) in paragraph at lines 145--146
 [][] 
 []


Underfull \hbox (badness 10000) in paragraph at lines 150--151

 []


Underfull \hbox (badness 2197) in paragraph at lines 152--153
[]\OT1/ptm/m/n/10.95 After PCA, we got a se-ries of eigen-faces.
 []


Underfull \hbox (badness 1552) in paragraph at lines 152--153
\OT1/ptm/m/n/10.95 two eigen-faces, and project the cropped-faces,
 []


Underfull \hbox (badness 10000) in paragraph at lines 152--153

 []

<little_2dProjection.png, id=24, 1002.74625pt x 693.34032pt>
File: little_2dProjection.png Graphic file (type png)

<use little_2dProjection.png>
Package pdftex.def Info: little_2dProjection.png used on input line 158.
(pdftex.def)             Requested size: 230.46732pt x 159.34854pt.

Overfull \hbox (2.81671pt too wide) in paragraph at lines 158--159
 [][] 
 []

[3 <./meanFace.png> <./meanFace2.png> <./meanFace3.png> <./eigenFace.png> <./ra
tioChange.png>] <front_2dProjection.png, id=29, 1002.74625pt x 693.34032pt>
File: front_2dProjection.png Graphic file (type png)

<use front_2dProjection.png>
Package pdftex.def Info: front_2dProjection.png used on input line 165.
(pdftex.def)             Requested size: 230.46732pt x 159.34854pt.

Overfull \hbox (2.81671pt too wide) in paragraph at lines 165--166
 [][] 
 []

<color_2dProjection.png, id=30, 1002.74625pt x 693.34032pt>
File: color_2dProjection.png Graphic file (type png)

<use color_2dProjection.png>
Package pdftex.def Info: color_2dProjection.png used on input line 172.
(pdftex.def)             Requested size: 230.46732pt x 159.34854pt.

Overfull \hbox (2.81671pt too wide) in paragraph at lines 172--173
 [][] 
 []


Underfull \hbox (badness 10000) in paragraph at lines 177--178

 []


Underfull \hbox (badness 10000) in paragraph at lines 179--180

 []


Underfull \hbox (badness 5893) in paragraph at lines 182--183
\OT1/ptm/m/n/10.95 (QDA), to De-ci-sion Trees, K-nearest Neigh-
 []


Underfull \hbox (badness 10000) in paragraph at lines 182--183

 []


Underfull \hbox (badness 10000) in paragraph at lines 184--185

 []


Underfull \hbox (badness 10000) in paragraph at lines 188--189

 []


Underfull \hbox (badness 10000) in paragraph at lines 190--191

 []

[4 <./little_2dProjection.png> <./front_2dProjection.png> <./color_2dProjection
.png>] <little_total_train.png, id=34, 977.90344pt x 703.12688pt>
File: little_total_train.png Graphic file (type png)

<use little_total_train.png>
Package pdftex.def Info: little_total_train.png used on input line 194.
(pdftex.def)             Requested size: 224.77676pt x 161.61922pt.

<little_total_test.png, id=35, 977.90344pt x 703.12688pt>
File: little_total_test.png Graphic file (type png)

<use little_total_test.png>
Package pdftex.def Info: little_total_test.png used on input line 201.
(pdftex.def)             Requested size: 224.77676pt x 161.61922pt.

Underfull \hbox (badness 10000) in paragraph at lines 206--207

 []


Underfull \hbox (badness 10000) in paragraph at lines 208--209

 []


Overfull \hbox (42.55766pt too wide) in paragraph at lines 254--289
 [][] 
 []


Underfull \hbox (badness 1097) in paragraph at lines 292--293
\OT1/ptm/m/n/10.95 is in-creased, the ac-cu-racy of 4 al-go-rithms will
 []


Underfull \hbox (badness 10000) in paragraph at lines 292--293

 []


Underfull \hbox (badness 1430) in paragraph at lines 294--295
[]\OT1/ptm/m/n/10.95 More specif-i-cally, al-though SVM with lin-ear
 []


Underfull \hbox (badness 10000) in paragraph at lines 294--295

 []


Underfull \hbox (badness 3229) in paragraph at lines 305--306
[]\OT1/ptm/m/n/10.95 As shown above, PCA method can re-duce
 []


Underfull \hbox (badness 10000) in paragraph at lines 305--306

 []

[5 <./little_total_train.png> <./little_total_test.png>]
Underfull \hbox (badness 10000) in paragraph at lines 307--308

 []


Underfull \hbox (badness 10000) in paragraph at lines 309--310

 []

[6

] (./cs446report.aux)

LaTeX Warning: There were multiply-defined labels.

 )
(\end occurred when \iffalse on line 298 was incomplete) 
Here is how much of TeX's memory you used:
 2087 strings out of 493304
 29860 string characters out of 6139872
 94783 words of memory out of 5000000
 5491 multiletter control sequences out of 15000+600000
 24332 words of font info for 54 fonts, out of 8000000 for 9000
 957 hyphenation exceptions out of 8191
 38i,9n,24p,680b,256s stack positions out of 5000i,500n,10000p,200000b,80000s
{/usr/share/texlive/tex
mf-dist/fonts/enc/dvips/base/8r.enc}</usr/share/texlive/texmf-dist/fonts/type1/
public/amsfonts/cm/cmr10.pfb></usr/share/texlive/texmf-dist/fonts/type1/public/
amsfonts/cm/cmsy10.pfb></usr/share/texlive/texmf-dist/fonts/type1/urw/courier/u
crr8a.pfb></usr/share/texlive/texmf-dist/fonts/type1/urw/times/utmb8a.pfb></usr
/share/texlive/texmf-dist/fonts/type1/urw/times/utmr8a.pfb></usr/share/texlive/
texmf-dist/fonts/type1/urw/times/utmri8a.pfb>
Output written on cs446report.pdf (6 pages, 1497800 bytes).
PDF statistics:
 64 PDF objects out of 1000 (max. 8388607)
 33 compressed objects within 1 object stream
 0 named destinations out of 1000 (max. 500000)
 81 words of extra memory for PDF output out of 10000 (max. 10000000)

