2016-06-07 11:08:03,966  WARN [ModalContext] - ScalaProject - Project recfun has platform default sourceLevel.
2016-06-07 11:08:03,967  WARN [ModalContext] - ScalaProject - Project recfun runs on platform default installation.
2016-06-07 11:08:04,636  WARN [ModalContext] - ScalaProject - Project recfun has platform default sourceLevel.
2016-06-07 11:08:04,636  WARN [ModalContext] - ScalaProject - Project recfun runs on platform default installation.
2016-06-07 11:08:04,871  WARN [main] - org.scala-ide.sdt.core - org.scala-ide.sdt.core - org.scala-ide.sdt.core - 0 - Preference scala.compiler.sourceLevel was uninitialized for recfun, setting default to 2.11.
2016-06-07 11:08:04,872  WARN [main] - org.scala-ide.sdt.core - org.scala-ide.sdt.core - org.scala-ide.sdt.core - 0 - Preference scala.compiler.installation was uninitialized for recfun, setting default to 2.11.
2016-06-07 11:09:46,728  WARN [ModalContext] - ScalaProject - Project funsets has platform default sourceLevel.
2016-06-07 11:09:46,728  WARN [ModalContext] - ScalaProject - Project funsets runs on platform default installation.
2016-06-07 11:09:46,748  WARN [ModalContext] - ScalaProject - Project funsets has platform default sourceLevel.
2016-06-07 11:09:46,749  WARN [ModalContext] - ScalaProject - Project funsets runs on platform default installation.
2016-06-07 11:11:21,862  WARN [ModalContext] - ScalaProject - Project objsets has platform default sourceLevel.
2016-06-07 11:11:21,862  WARN [ModalContext] - ScalaProject - Project objsets runs on platform default installation.
2016-06-07 11:11:21,883  WARN [ModalContext] - ScalaProject - Project objsets has platform default sourceLevel.
2016-06-07 11:11:21,884  WARN [ModalContext] - ScalaProject - Project objsets runs on platform default installation.
2016-06-07 11:12:33,889  WARN [ModalContext] - ScalaProject - Project patmat has platform default sourceLevel.
2016-06-07 11:12:33,889  WARN [ModalContext] - ScalaProject - Project patmat runs on platform default installation.
2016-06-07 11:12:33,910  WARN [ModalContext] - ScalaProject - Project patmat has platform default sourceLevel.
2016-06-07 11:12:33,910  WARN [ModalContext] - ScalaProject - Project patmat runs on platform default installation.
2016-06-07 11:13:33,475  WARN [ModalContext] - ScalaProject - Project forcomp has platform default sourceLevel.
2016-06-07 11:13:33,476  WARN [ModalContext] - ScalaProject - Project forcomp runs on platform default installation.
2016-06-07 11:13:33,493  WARN [ModalContext] - ScalaProject - Project forcomp has platform default sourceLevel.
2016-06-07 11:13:33,494  WARN [ModalContext] - ScalaProject - Project forcomp runs on platform default installation.
2016-06-07 11:28:16,031  WARN [main] - org.scala-ide.sdt.core - org.scala-ide.sdt.core - org.scala-ide.sdt.core - 0 - Preference scala.compiler.sourceLevel was uninitialized for patmat, setting default to 2.11.
2016-06-07 11:28:16,032  WARN [main] - org.scala-ide.sdt.core - org.scala-ide.sdt.core - org.scala-ide.sdt.core - 0 - Preference scala.compiler.installation was uninitialized for patmat, setting default to 2.11.
2016-06-07 14:14:31,495  WARN [main] - org.scala-ide.sdt.core - org.scala-ide.sdt.core - org.scala-ide.sdt.core - 0 - Preference scala.compiler.sourceLevel was uninitialized for patmat, setting default to 2.11.
2016-06-07 14:14:31,497  WARN [main] - org.scala-ide.sdt.core - org.scala-ide.sdt.core - org.scala-ide.sdt.core - 0 - Preference scala.compiler.installation was uninitialized for patmat, setting default to 2.11.
2016-06-07 20:01:42,113  WARN [main] - org.scala-ide.sdt.core - org.scala-ide.sdt.core - org.scala-ide.sdt.core - 0 - Preference scala.compiler.sourceLevel was uninitialized for forcomp, setting default to 2.11.
2016-06-07 20:01:42,115  WARN [main] - org.scala-ide.sdt.core - org.scala-ide.sdt.core - org.scala-ide.sdt.core - 0 - Preference scala.compiler.installation was uninitialized for forcomp, setting default to 2.11.
2016-06-07 20:01:58,009  WARN [ModalContext] - ScalaProject - Project example has platform default sourceLevel.
2016-06-07 20:01:58,010  WARN [ModalContext] - ScalaProject - Project example runs on platform default installation.
2016-06-07 20:01:58,042  WARN [ModalContext] - ScalaProject - Project example has platform default sourceLevel.
2016-06-07 20:01:58,042  WARN [ModalContext] - ScalaProject - Project example runs on platform default installation.
2016-06-07 20:17:16,759 ERROR [Worker-2] - System.err - SLF4J: Failed to load class "org.slf4j.impl.StaticLoggerBinder".
2016-06-07 20:17:16,759 ERROR [Worker-2] - System.err - SLF4J: Defaulting to no-operation (NOP) logger implementation
2016-06-07 20:17:16,759 ERROR [Worker-2] - System.err - SLF4J: See http://www.slf4j.org/codes.html#StaticLoggerBinder for further details.
2016-06-07 20:19:12,171 ERROR [org.scalaide.ui.internal.reconciliation.ScalaReconciler] - System.err - Exception in thread "org.scalaide.ui.internal.reconciliation.ScalaReconciler"
2016-06-07 20:19:12,172 ERROR [org.scalaide.ui.internal.reconciliation.ScalaReconciler] - System.err - java.lang.AssertionError: assertion failed: Race condition detected: You are running a presentation compiler method outside the PC thread.[phase: <no phase>] Please file a ticket with the current stack trace at https://www.assembla.com/spaces/scala-ide/support/tickets
2016-06-07 20:19:12,172 ERROR [org.scalaide.ui.internal.reconciliation.ScalaReconciler] - System.err - at scala.tools.nsc.interactive.Global.assertCorrectThread(Global.scala:537)
2016-06-07 20:19:12,172 ERROR [org.scalaide.ui.internal.reconciliation.ScalaReconciler] - System.err - at scala.reflect.internal.Symbols$Symbol.rawInfo(Symbols.scala:1590)
2016-06-07 20:19:12,172 ERROR [org.scalaide.ui.internal.reconciliation.ScalaReconciler] - System.err - at scala.reflect.internal.Symbols$Symbol.info(Symbols.scala:1524)
2016-06-07 20:19:12,172 ERROR [org.scalaide.ui.internal.reconciliation.ScalaReconciler] - System.err - at scala.reflect.internal.Types$TypeRef.thisInfo(Types.scala:2194)
2016-06-07 20:19:12,173 ERROR [org.scalaide.ui.internal.reconciliation.ScalaReconciler] - System.err - at scala.reflect.internal.Types$TypeRef.baseClasses(Types.scala:2199)
2016-06-07 20:19:12,173 ERROR [org.scalaide.ui.internal.reconciliation.ScalaReconciler] - System.err - at scala.reflect.internal.tpe.FindMembers$FindMemberBase.<init>(FindMembers.scala:17)
2016-06-07 20:19:12,173 ERROR [org.scalaide.ui.internal.reconciliation.ScalaReconciler] - System.err - at scala.reflect.internal.tpe.FindMembers$FindMember.<init>(FindMembers.scala:219)
2016-06-07 20:19:12,173 ERROR [org.scalaide.ui.internal.reconciliation.ScalaReconciler] - System.err - at scala.reflect.internal.Types$Type.scala$reflect$internal$Types$Type$$findMemberInternal$1(Types.scala:1014)
2016-06-07 20:19:12,173 ERROR [org.scalaide.ui.internal.reconciliation.ScalaReconciler] - System.err - at scala.reflect.internal.Types$Type.findMember(Types.scala:1016)
2016-06-07 20:19:12,173 ERROR [org.scalaide.ui.internal.reconciliation.ScalaReconciler] - System.err - at scala.reflect.internal.Types$Type.memberBasedOnName(Types.scala:631)
2016-06-07 20:19:12,173 ERROR [org.scalaide.ui.internal.reconciliation.ScalaReconciler] - System.err - at scala.reflect.internal.Types$Type.nonPrivateMember(Types.scala:607)
2016-06-07 20:19:12,173 ERROR [org.scalaide.ui.internal.reconciliation.ScalaReconciler] - System.err - at scala.tools.nsc.doc.base.MemberLookupBase$class.syms$1(MemberLookupBase.scala:151)
2016-06-07 20:19:12,173 ERROR [org.scalaide.ui.internal.reconciliation.ScalaReconciler] - System.err - at scala.tools.nsc.doc.base.MemberLookupBase$class.termSyms$1(MemberLookupBase.scala:152)
2016-06-07 20:19:12,173 ERROR [org.scalaide.ui.internal.reconciliation.ScalaReconciler] - System.err - at scala.tools.nsc.doc.base.MemberLookupBase$class.lookupInTemplate(MemberLookupBase.scala:165)
2016-06-07 20:19:12,173 ERROR [org.scalaide.ui.internal.reconciliation.ScalaReconciler] - System.err - at scala.tools.nsc.doc.base.MemberLookupBase$class.scala$tools$nsc$doc$base$MemberLookupBase$$lookupInTemplate(MemberLookupBase.scala:133)
2016-06-07 20:19:12,173 ERROR [org.scalaide.ui.internal.reconciliation.ScalaReconciler] - System.err - at scala.tools.nsc.doc.base.MemberLookupBase$class.lookupInRootPackage(MemberLookupBase.scala:111)
2016-06-07 20:19:12,173 ERROR [org.scalaide.ui.internal.reconciliation.ScalaReconciler] - System.err - at scala.tools.nsc.doc.base.MemberLookupBase$class.memberLookup(MemberLookupBase.scala:52)
2016-06-07 20:19:12,173 ERROR [org.scalaide.ui.internal.reconciliation.ScalaReconciler] - System.err - at scala.tools.nsc.doc.ScaladocSyntaxAnalyzer$ScaladocUnitScanner$unmooredParser$.memberLookup(ScaladocAnalyzer.scala:156)
2016-06-07 20:19:12,173 ERROR [org.scalaide.ui.internal.reconciliation.ScalaReconciler] - System.err - at scala.tools.nsc.doc.base.CommentFactoryBase$$anonfun$linkedExceptions$1$1.apply(CommentFactoryBase.scala:353)
2016-06-07 20:19:12,173 ERROR [org.scalaide.ui.internal.reconciliation.ScalaReconciler] - System.err - at scala.tools.nsc.doc.base.CommentFactoryBase$$anonfun$linkedExceptions$1$1.apply(CommentFactoryBase.scala:352)
2016-06-07 20:19:12,173 ERROR [org.scalaide.ui.internal.reconciliation.ScalaReconciler] - System.err - at scala.collection.TraversableLike$$anonfun$map$1.apply(TraversableLike.scala:234)
2016-06-07 20:19:12,173 ERROR [org.scalaide.ui.internal.reconciliation.ScalaReconciler] - System.err - at scala.collection.TraversableLike$$anonfun$map$1.apply(TraversableLike.scala:234)
2016-06-07 20:19:12,173 ERROR [org.scalaide.ui.internal.reconciliation.ScalaReconciler] - System.err - at scala.collection.immutable.Map$Map1.foreach(Map.scala:116)
2016-06-07 20:19:12,174 ERROR [org.scalaide.ui.internal.reconciliation.ScalaReconciler] - System.err - at scala.collection.TraversableLike$class.map(TraversableLike.scala:234)
2016-06-07 20:19:12,174 ERROR [org.scalaide.ui.internal.reconciliation.ScalaReconciler] - System.err - at scala.collection.AbstractTraversable.map(Traversable.scala:104)
2016-06-07 20:19:12,174 ERROR [org.scalaide.ui.internal.reconciliation.ScalaReconciler] - System.err - at scala.tools.nsc.doc.base.CommentFactoryBase$class.linkedExceptions$1(CommentFactoryBase.scala:352)
2016-06-07 20:19:12,174 ERROR [org.scalaide.ui.internal.reconciliation.ScalaReconciler] - System.err - at scala.tools.nsc.doc.base.CommentFactoryBase$class.parse0$1(CommentFactoryBase.scala:370)
2016-06-07 20:19:12,174 ERROR [org.scalaide.ui.internal.reconciliation.ScalaReconciler] - System.err - at scala.tools.nsc.doc.base.CommentFactoryBase$class.parseAtSymbol(CommentFactoryBase.scala:396)
2016-06-07 20:19:12,174 ERROR [org.scalaide.ui.internal.reconciliation.ScalaReconciler] - System.err - at scala.tools.nsc.doc.ScaladocSyntaxAnalyzer$ScaladocUnitScanner$unmooredParser$.parseAtSymbol(ScaladocAnalyzer.scala:156)
2016-06-07 20:19:12,174 ERROR [org.scalaide.ui.internal.reconciliation.ScalaReconciler] - System.err - at scala.tools.nsc.doc.ScaladocSyntaxAnalyzer$ScaladocUnitScanner$unmooredParser$.parseComment(ScaladocAnalyzer.scala:164)
2016-06-07 20:19:12,174 ERROR [org.scalaide.ui.internal.reconciliation.ScalaReconciler] - System.err - at scala.tools.nsc.doc.ScaladocSyntaxAnalyzer$ScaladocUnitScanner.isDirty$1(ScaladocAnalyzer.scala:192)
2016-06-07 20:19:12,174 ERROR [org.scalaide.ui.internal.reconciliation.ScalaReconciler] - System.err - at scala.tools.nsc.doc.ScaladocSyntaxAnalyzer$ScaladocUnitScanner.discardDocBuffer(ScaladocAnalyzer.scala:193)
2016-06-07 20:19:12,174 ERROR [org.scalaide.ui.internal.reconciliation.ScalaReconciler] - System.err - at scala.tools.nsc.ast.parser.Scanners$Scanner.nextToken(Scanners.scala:296)
2016-06-07 20:19:12,174 ERROR [org.scalaide.ui.internal.reconciliation.ScalaReconciler] - System.err - at scala.tools.nsc.ast.parser.Parsers$Parser.skip(Parsers.scala:540)
2016-06-07 20:19:12,174 ERROR [org.scalaide.ui.internal.reconciliation.ScalaReconciler] - System.err - at scala.tools.nsc.ast.parser.Parsers$Parser.syntaxError(Parsers.scala:558)
2016-06-07 20:19:12,174 ERROR [org.scalaide.ui.internal.reconciliation.ScalaReconciler] - System.err - at scala.tools.nsc.ast.parser.Parsers$Parser.syntaxErrorOrIncomplete(Parsers.scala:567)
2016-06-07 20:19:12,174 ERROR [org.scalaide.ui.internal.reconciliation.ScalaReconciler] - System.err - at scala.tools.nsc.ast.parser.Parsers$Parser.syntaxErrorOrIncompleteAnd(Parsers.scala:570)
2016-06-07 20:19:12,174 ERROR [org.scalaide.ui.internal.reconciliation.ScalaReconciler] - System.err - at scala.tools.nsc.ast.parser.Parsers$Parser.simpleExpr(Parsers.scala:1668)
2016-06-07 20:19:12,174 ERROR [org.scalaide.ui.internal.reconciliation.ScalaReconciler] - System.err - at scala.tools.nsc.ast.parser.Parsers$Parser.prefixExpr(Parsers.scala:1626)
2016-06-07 20:19:12,174 ERROR [org.scalaide.ui.internal.reconciliation.ScalaReconciler] - System.err - at scala.tools.nsc.ast.parser.Parsers$Parser.postfixExpr(Parsers.scala:1609)
2016-06-07 20:19:12,174 ERROR [org.scalaide.ui.internal.reconciliation.ScalaReconciler] - System.err - at scala.tools.nsc.ast.parser.Parsers$Parser.parseOther$1(Parsers.scala:1507)
2016-06-07 20:19:12,174 ERROR [org.scalaide.ui.internal.reconciliation.ScalaReconciler] - System.err - at scala.tools.nsc.ast.parser.Parsers$Parser.expr0(Parsers.scala:1561)
2016-06-07 20:19:12,175 ERROR [org.scalaide.ui.internal.reconciliation.ScalaReconciler] - System.err - at scala.tools.nsc.ast.parser.Parsers$Parser$$anonfun$expr$1.apply(Parsers.scala:1411)
2016-06-07 20:19:12,175 ERROR [org.scalaide.ui.internal.reconciliation.ScalaReconciler] - System.err - at scala.tools.nsc.ast.parser.Parsers$Parser$$anonfun$expr$1.apply(Parsers.scala:1411)
2016-06-07 20:19:12,175 ERROR [org.scalaide.ui.internal.reconciliation.ScalaReconciler] - System.err - at scala.tools.nsc.ast.parser.Parsers$Parser.withPlaceholders(Parsers.scala:1254)
2016-06-07 20:19:12,175 ERROR [org.scalaide.ui.internal.reconciliation.ScalaReconciler] - System.err - at scala.tools.nsc.ast.parser.Parsers$Parser.expr(Parsers.scala:1411)
2016-06-07 20:19:12,175 ERROR [org.scalaide.ui.internal.reconciliation.ScalaReconciler] - System.err - at scala.tools.nsc.ast.parser.Parsers$Parser.expr(Parsers.scala:1409)
2016-06-07 20:19:12,175 ERROR [org.scalaide.ui.internal.reconciliation.ScalaReconciler] - System.err - at scala.tools.nsc.ast.parser.Parsers$Parser.funDefRest(Parsers.scala:2666)
2016-06-07 20:19:12,175 ERROR [org.scalaide.ui.internal.reconciliation.ScalaReconciler] - System.err - at scala.tools.nsc.ast.parser.Parsers$Parser.funDefOrDcl(Parsers.scala:2627)
2016-06-07 20:19:12,175 ERROR [org.scalaide.ui.internal.reconciliation.ScalaReconciler] - System.err - at scala.tools.nsc.ast.parser.Parsers$Parser.defOrDcl(Parsers.scala:2512)
2016-06-07 20:19:12,175 ERROR [org.scalaide.ui.internal.reconciliation.ScalaReconciler] - System.err - at scala.tools.nsc.ast.parser.Parsers$Parser.nonLocalDefOrDcl(Parsers.scala:2524)
2016-06-07 20:19:12,175 ERROR [org.scalaide.ui.internal.reconciliation.ScalaReconciler] - System.err - at scala.tools.nsc.ast.parser.Parsers$Parser$$anonfun$templateStat$1$$anonfun$applyOrElse$3.apply(Parsers.scala:3087)
2016-06-07 20:19:12,175 ERROR [org.scalaide.ui.internal.reconciliation.ScalaReconciler] - System.err - at scala.tools.nsc.ast.parser.Parsers$Parser$$anonfun$templateStat$1$$anonfun$applyOrElse$3.apply(Parsers.scala:3087)
2016-06-07 20:19:12,175 ERROR [org.scalaide.ui.internal.reconciliation.ScalaReconciler] - System.err - at scala.tools.nsc.doc.ScaladocSyntaxAnalyzer$ScaladocUnitParser.joinComment(ScaladocAnalyzer.scala:240)
2016-06-07 20:19:12,175 ERROR [org.scalaide.ui.internal.reconciliation.ScalaReconciler] - System.err - at scala.tools.nsc.ast.parser.Parsers$Parser$$anonfun$templateStat$1.applyOrElse(Parsers.scala:3087)
2016-06-07 20:19:12,175 ERROR [org.scalaide.ui.internal.reconciliation.ScalaReconciler] - System.err - at scala.tools.nsc.ast.parser.Parsers$Parser$$anonfun$templateStat$1.applyOrElse(Parsers.scala:3082)
2016-06-07 20:19:12,176 ERROR [org.scalaide.ui.internal.reconciliation.ScalaReconciler] - System.err - at scala.tools.nsc.ast.parser.Parsers$Parser.statSeq(Parsers.scala:3014)
2016-06-07 20:19:12,176 ERROR [org.scalaide.ui.internal.reconciliation.ScalaReconciler] - System.err - at scala.tools.nsc.ast.parser.Parsers$Parser.templateStats(Parsers.scala:3081)
2016-06-07 20:19:12,176 ERROR [org.scalaide.ui.internal.reconciliation.ScalaReconciler] - System.err - at scala.tools.nsc.ast.parser.Parsers$Parser$$anonfun$templateStatSeq$1.apply(Parsers.scala:3068)
2016-06-07 20:19:12,176 ERROR [org.scalaide.ui.internal.reconciliation.ScalaReconciler] - System.err - at scala.tools.nsc.ast.parser.Parsers$Parser$$anonfun$templateStatSeq$1.apply(Parsers.scala:3045)
2016-06-07 20:19:12,176 ERROR [org.scalaide.ui.internal.reconciliation.ScalaReconciler] - System.err - at scala.tools.nsc.ast.parser.Parsers$Parser.checkNoEscapingPlaceholders(Parsers.scala:462)
2016-06-07 20:19:12,176 ERROR [org.scalaide.ui.internal.reconciliation.ScalaReconciler] - System.err - at scala.tools.nsc.ast.parser.Parsers$Parser.templateStatSeq(Parsers.scala:3045)
2016-06-07 20:19:12,176 ERROR [org.scalaide.ui.internal.reconciliation.ScalaReconciler] - System.err - at scala.tools.nsc.ast.parser.Parsers$Parser.templateBody(Parsers.scala:2974)
2016-06-07 20:19:12,177 ERROR [org.scalaide.ui.internal.reconciliation.ScalaReconciler] - System.err - at scala.tools.nsc.ast.parser.Parsers$Parser.templateBodyOpt(Parsers.scala:2981)
2016-06-07 20:19:12,177 ERROR [org.scalaide.ui.internal.reconciliation.ScalaReconciler] - System.err - at scala.tools.nsc.ast.parser.Parsers$Parser.templateOpt(Parsers.scala:2945)
2016-06-07 20:19:12,177 ERROR [org.scalaide.ui.internal.reconciliation.ScalaReconciler] - System.err - at scala.tools.nsc.ast.parser.Parsers$Parser.objectDef(Parsers.scala:2830)
2016-06-07 20:19:12,177 ERROR [org.scalaide.ui.internal.reconciliation.ScalaReconciler] - System.err - at scala.tools.nsc.ast.parser.Parsers$Parser.tmplDef(Parsers.scala:2766)
2016-06-07 20:19:12,177 ERROR [org.scalaide.ui.internal.reconciliation.ScalaReconciler] - System.err - at scala.tools.nsc.ast.parser.Parsers$Parser.topLevelTmplDef(Parsers.scala:2747)
2016-06-07 20:19:12,177 ERROR [org.scalaide.ui.internal.reconciliation.ScalaReconciler] - System.err - at scala.tools.nsc.ast.parser.Parsers$Parser$$anonfun$topStat$1$$anonfun$applyOrElse$2.apply(Parsers.scala:3037)
2016-06-07 20:19:12,177 ERROR [org.scalaide.ui.internal.reconciliation.ScalaReconciler] - System.err - at scala.tools.nsc.ast.parser.Parsers$Parser$$anonfun$topStat$1$$anonfun$applyOrElse$2.apply(Parsers.scala:3037)
2016-06-07 20:19:12,177 ERROR [org.scalaide.ui.internal.reconciliation.ScalaReconciler] - System.err - at scala.tools.nsc.doc.ScaladocSyntaxAnalyzer$ScaladocUnitParser.joinComment(ScaladocAnalyzer.scala:259)
2016-06-07 20:19:12,177 ERROR [org.scalaide.ui.internal.reconciliation.ScalaReconciler] - System.err - at scala.tools.nsc.ast.parser.Parsers$Parser$$anonfun$topStat$1.applyOrElse(Parsers.scala:3037)
2016-06-07 20:19:12,177 ERROR [org.scalaide.ui.internal.reconciliation.ScalaReconciler] - System.err - at scala.tools.nsc.ast.parser.Parsers$Parser$$anonfun$topStat$1.applyOrElse(Parsers.scala:3030)
2016-06-07 20:19:12,178 ERROR [org.scalaide.ui.internal.reconciliation.ScalaReconciler] - System.err - at scala.tools.nsc.ast.parser.Parsers$Parser.statSeq(Parsers.scala:3014)
2016-06-07 20:19:12,178 ERROR [org.scalaide.ui.internal.reconciliation.ScalaReconciler] - System.err - at scala.tools.nsc.ast.parser.Parsers$Parser.topStatSeq(Parsers.scala:3029)
2016-06-07 20:19:12,178 ERROR [org.scalaide.ui.internal.reconciliation.ScalaReconciler] - System.err - at scala.tools.nsc.ast.parser.Parsers$Parser$$anonfun$compilationUnit$1.topstats$1(Parsers.scala:3227)
2016-06-07 20:19:12,178 ERROR [org.scalaide.ui.internal.reconciliation.ScalaReconciler] - System.err - at scala.tools.nsc.ast.parser.Parsers$Parser$$anonfun$compilationUnit$1.topstats$1(Parsers.scala:3219)
2016-06-07 20:19:12,178 ERROR [org.scalaide.ui.internal.reconciliation.ScalaReconciler] - System.err - at scala.tools.nsc.ast.parser.Parsers$Parser$$anonfun$compilationUnit$1.apply(Parsers.scala:3233)
2016-06-07 20:19:12,178 ERROR [org.scalaide.ui.internal.reconciliation.ScalaReconciler] - System.err - at scala.tools.nsc.ast.parser.Parsers$Parser$$anonfun$compilationUnit$1.apply(Parsers.scala:3195)
2016-06-07 20:19:12,178 ERROR [org.scalaide.ui.internal.reconciliation.ScalaReconciler] - System.err - at scala.tools.nsc.ast.parser.Parsers$Parser.checkNoEscapingPlaceholders(Parsers.scala:462)
2016-06-07 20:19:12,178 ERROR [org.scalaide.ui.internal.reconciliation.ScalaReconciler] - System.err - at scala.tools.nsc.ast.parser.Parsers$Parser.compilationUnit(Parsers.scala:3195)
2016-06-07 20:19:12,178 ERROR [org.scalaide.ui.internal.reconciliation.ScalaReconciler] - System.err - at scala.tools.nsc.ast.parser.Parsers$SourceFileParser$$anonfun$parseStartRule$1.apply(Parsers.scala:146)
2016-06-07 20:19:12,178 ERROR [org.scalaide.ui.internal.reconciliation.ScalaReconciler] - System.err - at scala.tools.nsc.ast.parser.Parsers$SourceFileParser$$anonfun$parseStartRule$1.apply(Parsers.scala:146)
2016-06-07 20:19:12,178 ERROR [org.scalaide.ui.internal.reconciliation.ScalaReconciler] - System.err - at scala.tools.nsc.ast.parser.Parsers$Parser$$anonfun$parse$1.apply(Parsers.scala:352)
2016-06-07 20:19:12,178 ERROR [org.scalaide.ui.internal.reconciliation.ScalaReconciler] - System.err - at scala.tools.nsc.ast.parser.Parsers$Parser$$anonfun$parse$1.apply(Parsers.scala:352)
2016-06-07 20:19:12,178 ERROR [org.scalaide.ui.internal.reconciliation.ScalaReconciler] - System.err - at scala.tools.nsc.ast.parser.Parsers$Parser.parseRule(Parsers.scala:345)
2016-06-07 20:19:12,178 ERROR [org.scalaide.ui.internal.reconciliation.ScalaReconciler] - System.err - at scala.tools.nsc.ast.parser.Parsers$Parser.parse(Parsers.scala:352)
2016-06-07 20:19:12,178 ERROR [org.scalaide.ui.internal.reconciliation.ScalaReconciler] - System.err - at scala.tools.nsc.interactive.CompilerControl$class.parseTree(CompilerControl.scala:241)
2016-06-07 20:19:12,178 ERROR [org.scalaide.ui.internal.reconciliation.ScalaReconciler] - System.err - at scala.tools.nsc.interactive.Global.parseTree(Global.scala:105)
2016-06-07 20:19:12,178 ERROR [org.scalaide.ui.internal.reconciliation.ScalaReconciler] - System.err - at org.scalaide.ui.internal.editor.outline.ModelBuilder$.buildTree(ModelBuilder.scala:302)
2016-06-07 20:19:12,178 ERROR [org.scalaide.ui.internal.reconciliation.ScalaReconciler] - System.err - at org.scalaide.ui.internal.editor.outline.ScalaOutlineReconcilingStrategy$$anonfun$reconcile$2.apply(ScalaOutlineReconcilingStrategy.scala:27)
2016-06-07 20:19:12,178 ERROR [org.scalaide.ui.internal.reconciliation.ScalaReconciler] - System.err - at org.scalaide.ui.internal.editor.outline.ScalaOutlineReconcilingStrategy$$anonfun$reconcile$2.apply(ScalaOutlineReconcilingStrategy.scala:26)
2016-06-07 20:19:12,179 ERROR [org.scalaide.ui.internal.reconciliation.ScalaReconciler] - System.err - at org.scalaide.core.internal.compiler.PresentationCompilerProxy$$anonfun$internal$1.apply(PresentationCompilerProxy.scala:99)
2016-06-07 20:19:12,179 ERROR [org.scalaide.ui.internal.reconciliation.ScalaReconciler] - System.err - at org.scalaide.core.internal.compiler.PresentationCompilerProxy$$anonfun$internal$1.apply(PresentationCompilerProxy.scala:98)
2016-06-07 20:19:12,179 ERROR [org.scalaide.ui.internal.reconciliation.ScalaReconciler] - System.err - at scala.Option.flatMap(Option.scala:171)
2016-06-07 20:19:12,179 ERROR [org.scalaide.ui.internal.reconciliation.ScalaReconciler] - System.err - at org.scalaide.core.internal.compiler.PresentationCompilerProxy.internal(PresentationCompilerProxy.scala:98)
2016-06-07 20:19:12,179 ERROR [org.scalaide.ui.internal.reconciliation.ScalaReconciler] - System.err - at org.scalaide.core.internal.compiler.PresentationCompilerProxy.apply(PresentationCompilerProxy.scala:56)
2016-06-07 20:19:12,179 ERROR [org.scalaide.ui.internal.reconciliation.ScalaReconciler] - System.err - at org.scalaide.ui.internal.editor.outline.ScalaOutlineReconcilingStrategy.reconcile(ScalaOutlineReconcilingStrategy.scala:26)
2016-06-07 20:19:12,179 ERROR [org.scalaide.ui.internal.reconciliation.ScalaReconciler] - System.err - at org.eclipse.jdt.internal.ui.text.CompositeReconcilingStrategy.reconcile(CompositeReconcilingStrategy.java:86)
2016-06-07 20:19:12,179 ERROR [org.scalaide.ui.internal.reconciliation.ScalaReconciler] - System.err - at org.eclipse.jface.text.reconciler.MonoReconciler.process(MonoReconciler.java:77)
2016-06-07 20:19:12,179 ERROR [org.scalaide.ui.internal.reconciliation.ScalaReconciler] - System.err - at org.eclipse.jface.text.reconciler.AbstractReconciler$BackgroundThread.run(AbstractReconciler.java:206)
2016-06-07 22:32:21,668  WARN [main] - org.scala-ide.sdt.core - org.scala-ide.sdt.core - org.scala-ide.sdt.core - 0 - Preference scala.compiler.sourceLevel was uninitialized for example, setting default to 2.11.
2016-06-07 22:32:21,671  WARN [main] - org.scala-ide.sdt.core - org.scala-ide.sdt.core - org.scala-ide.sdt.core - 0 - Preference scala.compiler.installation was uninitialized for example, setting default to 2.11.
2016-06-07 22:32:39,763  WARN [ModalContext] - ScalaProject - Project samples has platform default sourceLevel.
2016-06-07 22:32:39,764  WARN [ModalContext] - ScalaProject - Project samples runs on platform default installation.
2016-06-07 22:32:40,097  WARN [Worker-0] - ScalaProject - Project samples has platform default sourceLevel.
2016-06-07 22:32:40,098  WARN [Worker-0] - ScalaProject - Project samples runs on platform default installation.
2016-06-07 22:32:50,523  WARN [main] - ScalaProject - Project samples has platform default sourceLevel.
2016-06-07 22:32:50,523  WARN [main] - ScalaProject - Project samples runs on platform default installation.
2016-06-07 22:33:23,238  WARN [Worker-1] - ScalaProject - Project samples has platform default sourceLevel.
2016-06-07 22:33:23,239  WARN [Worker-1] - ScalaProject - Project samples runs on platform default installation.
2016-06-07 22:33:58,480  WARN [Worker-4] - ScalaProject - Project samples has platform default sourceLevel.
2016-06-07 22:33:58,481  WARN [Worker-4] - ScalaProject - Project samples runs on platform default installation.
2016-06-07 22:33:58,962  WARN [bundle-322-ActorSystem-akka.actor.default-dispatcher-2] - ScalaProject - Project samples has platform default sourceLevel.
2016-06-07 22:33:58,962  WARN [bundle-322-ActorSystem-akka.actor.default-dispatcher-2] - ScalaProject - Project samples runs on platform default installation.
2016-06-07 22:34:00,886  WARN [Worker-3] - ScalaProject - Project samples has platform default sourceLevel.
2016-06-07 22:34:00,887  WARN [Worker-3] - ScalaProject - Project samples runs on platform default installation.
2016-06-07 22:36:29,469  WARN [Worker-1] - ScalaProject - Project samples has platform default sourceLevel.
2016-06-07 22:36:29,469  WARN [Worker-1] - ScalaProject - Project samples runs on platform default installation.
2016-06-07 22:36:38,647  WARN [Worker-5] - ScalaProject - Project samples has platform default sourceLevel.
2016-06-07 22:36:38,648  WARN [Worker-5] - ScalaProject - Project samples runs on platform default installation.
2016-06-07 22:38:03,920  WARN [Worker-3] - ScalaProject - Project samples has platform default sourceLevel.
2016-06-07 22:38:03,921  WARN [Worker-3] - ScalaProject - Project samples runs on platform default installation.
2016-06-07 22:38:23,848  WARN [Worker-0] - ScalaProject - Project samples has platform default sourceLevel.
2016-06-07 22:38:23,848  WARN [Worker-0] - ScalaProject - Project samples runs on platform default installation.
2016-06-07 22:41:59,145  WARN [Worker-4] - ScalaProject - Project samples has platform default sourceLevel.
2016-06-07 22:41:59,146  WARN [Worker-4] - ScalaProject - Project samples runs on platform default installation.
2016-06-07 22:42:05,369  WARN [Worker-2] - ScalaProject - Project samples has platform default sourceLevel.
2016-06-07 22:42:05,369  WARN [Worker-2] - ScalaProject - Project samples runs on platform default installation.
2016-06-07 22:42:36,013  WARN [Worker-2] - ScalaProject - Project samples has platform default sourceLevel.
2016-06-07 22:42:36,013  WARN [Worker-2] - ScalaProject - Project samples runs on platform default installation.
2016-06-07 22:43:53,701 ERROR [Worker-5] - ProgramExecutor$ - Worksheet process has terminated unexpectedly (exit value 143
At the time of termination, the following text was available in the output streams:
Standard output:
  76 abs: (x: Double)Double
208 sqrtIter: (guess: Double, x: Double)Double
295 isGoodEnough: (guess: Double, x: Double)Boolean
370 improve: (guess: Double, x: Double)Double
416 sqrt: (x: Double)Double

Standard error:
  

2016-06-07 22:43:53,853  WARN [Worker-0] - ScalaProject - Project samples has platform default sourceLevel.
2016-06-07 22:43:53,853  WARN [Worker-0] - ScalaProject - Project samples runs on platform default installation.
2016-06-07 22:44:03,505  WARN [Worker-0] - ScalaProject - Project samples has platform default sourceLevel.
2016-06-07 22:44:03,505  WARN [Worker-0] - ScalaProject - Project samples runs on platform default installation.
2016-06-07 22:45:36,541  WARN [Worker-5] - ScalaProject - Project samples has platform default sourceLevel.
2016-06-07 22:45:36,541  WARN [Worker-5] - ScalaProject - Project samples runs on platform default installation.
2016-06-07 22:45:41,373  WARN [Worker-2] - ScalaProject - Project samples has platform default sourceLevel.
2016-06-07 22:45:41,373  WARN [Worker-2] - ScalaProject - Project samples runs on platform default installation.
2016-06-07 22:45:54,474  WARN [Worker-0] - ScalaProject - Project samples has platform default sourceLevel.
2016-06-07 22:45:54,475  WARN [Worker-0] - ScalaProject - Project samples runs on platform default installation.
2016-06-07 22:46:24,876  WARN [Worker-2] - ScalaProject - Project samples has platform default sourceLevel.
2016-06-07 22:46:24,876  WARN [Worker-2] - ScalaProject - Project samples runs on platform default installation.
2016-06-07 22:47:23,080 ERROR [Text Viewer Hover Presenter] - IScalaPresentationCompiler$ - Ignoring InterruptException
2016-06-07 22:47:23,081 ERROR [Text Viewer Hover Presenter] - IScalaPresentationCompiler$ - Ignoring InterruptException
2016-06-07 22:47:33,891 ERROR [Worker-6] - ProgramExecutor$ - Worksheet process has terminated unexpectedly (exit value 143
At the time of termination, the following text was available in the output streams:
Standard output:
  76 abs: (x: Double)Double
208 sqrtIter: (guess: Double, x: Double)Double
320 isGoodEnough: (guess: Double, x: Double)Boolean
395 improve: (guess: Double, x: Double)Double
441 sqrt: (x: Double)Double

Standard error:
  

2016-06-07 22:47:34,047  WARN [Worker-6] - ScalaProject - Project samples has platform default sourceLevel.
2016-06-07 22:47:34,047  WARN [Worker-6] - ScalaProject - Project samples runs on platform default installation.
2016-06-07 22:47:47,424  WARN [Worker-6] - ScalaProject - Project samples has platform default sourceLevel.
2016-06-07 22:47:47,425  WARN [Worker-6] - ScalaProject - Project samples runs on platform default installation.
2016-06-07 22:49:38,090  WARN [Worker-5] - ScalaProject - Project samples has platform default sourceLevel.
2016-06-07 22:49:38,090  WARN [Worker-5] - ScalaProject - Project samples runs on platform default installation.
2016-06-07 22:51:07,783  WARN [Worker-4] - ScalaProject - Project samples has platform default sourceLevel.
2016-06-07 22:51:07,783  WARN [Worker-4] - ScalaProject - Project samples runs on platform default installation.
2016-06-07 22:51:08,848  WARN [Worker-3] - ScalaProject - Project samples has platform default sourceLevel.
2016-06-07 22:51:08,848  WARN [Worker-3] - ScalaProject - Project samples runs on platform default installation.
2016-06-07 22:51:10,982  WARN [Worker-6] - ScalaProject - Project samples has platform default sourceLevel.
2016-06-07 22:51:10,982  WARN [Worker-6] - ScalaProject - Project samples runs on platform default installation.
2016-06-07 22:56:06,195  WARN [Worker-0] - ScalaProject - Project samples has platform default sourceLevel.
2016-06-07 22:56:06,195  WARN [Worker-0] - ScalaProject - Project samples runs on platform default installation.
2016-06-07 23:00:21,652  WARN [Worker-7] - ScalaProject - Project samples has platform default sourceLevel.
2016-06-07 23:00:21,652  WARN [Worker-7] - ScalaProject - Project samples runs on platform default installation.
2016-06-07 23:03:02,144  WARN [Worker-0] - ScalaProject - Project samples has platform default sourceLevel.
2016-06-07 23:03:02,144  WARN [Worker-0] - ScalaProject - Project samples runs on platform default installation.
2016-06-07 23:03:08,747  WARN [Worker-1] - ScalaProject - Project samples has platform default sourceLevel.
2016-06-07 23:03:08,747  WARN [Worker-1] - ScalaProject - Project samples runs on platform default installation.
2016-06-07 23:03:15,971  WARN [Worker-5] - ScalaProject - Project samples has platform default sourceLevel.
2016-06-07 23:03:15,971  WARN [Worker-5] - ScalaProject - Project samples runs on platform default installation.
2016-06-07 23:03:38,974  WARN [Worker-5] - ScalaProject - Project samples has platform default sourceLevel.
2016-06-07 23:03:38,974  WARN [Worker-5] - ScalaProject - Project samples runs on platform default installation.
2016-06-07 23:12:14,141  WARN [Worker-0] - ScalaProject - Project samples has platform default sourceLevel.
2016-06-07 23:12:14,142  WARN [Worker-0] - ScalaProject - Project samples runs on platform default installation.
2016-06-07 23:12:25,055  WARN [bundle-322-ActorSystem-akka.actor.default-dispatcher-20] - ScalaProject - Project samples has platform default sourceLevel.
2016-06-07 23:12:25,055  WARN [bundle-322-ActorSystem-akka.actor.default-dispatcher-20] - ScalaProject - Project samples runs on platform default installation.
2016-06-07 23:12:25,739  WARN [Worker-0] - ScalaProject - Project samples has platform default sourceLevel.
2016-06-07 23:12:25,739  WARN [Worker-0] - ScalaProject - Project samples runs on platform default installation.
2016-06-07 23:14:27,171  WARN [Worker-4] - ScalaProject - Project samples has platform default sourceLevel.
2016-06-07 23:14:27,171  WARN [Worker-4] - ScalaProject - Project samples runs on platform default installation.
2016-06-07 23:16:25,483  WARN [Worker-1] - ScalaProject - Project samples has platform default sourceLevel.
2016-06-07 23:16:25,484  WARN [Worker-1] - ScalaProject - Project samples runs on platform default installation.
2016-06-07 23:16:31,768  WARN [Worker-2] - ScalaProject - Project samples has platform default sourceLevel.
2016-06-07 23:16:31,769  WARN [Worker-2] - ScalaProject - Project samples runs on platform default installation.
2016-06-07 23:16:35,814  WARN [Worker-5] - ScalaProject - Project samples has platform default sourceLevel.
2016-06-07 23:16:35,815  WARN [Worker-5] - ScalaProject - Project samples runs on platform default installation.
2016-06-07 23:16:38,799  WARN [Worker-1] - ScalaProject - Project samples has platform default sourceLevel.
2016-06-07 23:16:38,799  WARN [Worker-1] - ScalaProject - Project samples runs on platform default installation.
2016-06-07 23:41:42,027  WARN [Text Viewer Hover Presenter] - ScalaProject - Project samples has platform default sourceLevel.
2016-06-07 23:41:42,027  WARN [Text Viewer Hover Presenter] - ScalaProject - Project samples runs on platform default installation.
2016-06-07 23:45:02,635 ERROR [Text Viewer Hover Presenter] - IScalaPresentationCompiler$ - Ignoring InterruptException
2016-06-07 23:45:02,636 ERROR [Text Viewer Hover Presenter] - IScalaPresentationCompiler$ - Ignoring InterruptException
2016-06-07 23:45:02,636 ERROR [Text Viewer Hover Presenter] - IScalaPresentationCompiler$ - Ignoring InterruptException
2016-06-07 23:48:17,951 ERROR [Text Viewer Hover Presenter] - IScalaPresentationCompiler$ - Ignoring InterruptException
2016-06-07 23:48:17,952 ERROR [Text Viewer Hover Presenter] - IScalaPresentationCompiler$ - Ignoring InterruptException
2016-06-07 23:48:17,952 ERROR [Text Viewer Hover Presenter] - IScalaPresentationCompiler$ - Ignoring InterruptException
2016-06-08 08:22:02,791  WARN [Worker-2] - ScalaProject - Project samples has platform default sourceLevel.
2016-06-08 08:22:02,793  WARN [Worker-2] - ScalaProject - Project samples runs on platform default installation.
2016-06-08 08:22:11,440  WARN [Worker-0] - ScalaProject - Project samples has platform default sourceLevel.
2016-06-08 08:22:11,446  WARN [Worker-0] - ScalaProject - Project samples runs on platform default installation.
2016-06-08 08:22:11,454  WARN [Worker-0] - ScalaProject - Project samples has platform default sourceLevel.
2016-06-08 08:22:11,454  WARN [Worker-0] - ScalaProject - Project samples runs on platform default installation.
2016-06-08 08:22:15,130  WARN [main] - org.scala-ide.sdt.core - org.scala-ide.sdt.core - org.scala-ide.sdt.core - 0 - Preference scala.compiler.sourceLevel was uninitialized for example, setting default to 2.11.
2016-06-08 08:22:15,131  WARN [main] - org.scala-ide.sdt.core - org.scala-ide.sdt.core - org.scala-ide.sdt.core - 0 - Preference scala.compiler.installation was uninitialized for example, setting default to 2.11.
2016-06-08 08:22:42,747  WARN [org.eclipse.jface.text.reconciler.MonoReconciler] - ScalaProject - Project samples has platform default sourceLevel.
2016-06-08 08:22:42,747  WARN [org.eclipse.jface.text.reconciler.MonoReconciler] - ScalaProject - Project samples runs on platform default installation.
2016-06-08 08:34:06,474 ERROR [Text Viewer Hover Presenter] - IScalaPresentationCompiler$ - Ignoring InterruptException
2016-06-08 08:34:06,475 ERROR [Text Viewer Hover Presenter] - IScalaPresentationCompiler$ - Ignoring InterruptException
2016-06-08 08:59:50,866 ERROR [Text Viewer Hover Presenter] - IScalaPresentationCompiler$ - Ignoring InterruptException
2016-06-08 08:59:50,868 ERROR [Text Viewer Hover Presenter] - IScalaPresentationCompiler$ - Ignoring InterruptException
2016-06-08 08:59:50,868 ERROR [Text Viewer Hover Presenter] - IScalaPresentationCompiler$ - Ignoring InterruptException
2016-06-08 09:02:20,820 ERROR [Text Viewer Hover Presenter] - IScalaPresentationCompiler$ - Ignoring InterruptException
2016-06-08 09:02:20,820 ERROR [Text Viewer Hover Presenter] - IScalaPresentationCompiler$ - Ignoring InterruptException
2016-06-08 09:02:20,820 ERROR [Text Viewer Hover Presenter] - IScalaPresentationCompiler$ - Ignoring InterruptException
2016-06-08 09:02:53,875  WARN [org.eclipse.jface.text.reconciler.MonoReconciler] - ScalaProject - Project samples has platform default sourceLevel.
2016-06-08 09:02:53,875  WARN [org.eclipse.jface.text.reconciler.MonoReconciler] - ScalaProject - Project samples runs on platform default installation.
2016-06-08 14:36:27,565  WARN [Worker-0] - ScalaProject - Project samples has platform default sourceLevel.
2016-06-08 14:36:27,567  WARN [Worker-0] - ScalaProject - Project samples runs on platform default installation.
2016-06-08 14:36:32,242  WARN [main] - org.scala-ide.sdt.core - org.scala-ide.sdt.core - org.scala-ide.sdt.core - 0 - Preference scala.compiler.sourceLevel was uninitialized for example, setting default to 2.11.
2016-06-08 14:36:32,244  WARN [main] - org.scala-ide.sdt.core - org.scala-ide.sdt.core - org.scala-ide.sdt.core - 0 - Preference scala.compiler.installation was uninitialized for example, setting default to 2.11.
2016-06-08 14:36:38,738  WARN [org.scalaide.ui.internal.reconciliation.ScalaReconciler] - ImplicitHighlightingPresenter - Timeout while waiting for `askLoadedTyped` during semantic highlighting.
2016-06-08 14:36:38,941  WARN [org.scalaide.ui.internal.reconciliation.ScalaReconciler] - CustomSemanticAction - Timeout while waiting for `askLoadedTyped` during semantic highlighting.
2016-06-08 14:36:39,153  WARN [org.scalaide.ui.internal.reconciliation.ScalaReconciler] - CallByNameParamAtCreationPresenter - Timeout while waiting for `askLoadedTyped` during semantic highlighting.
2016-06-08 14:38:45,179 ERROR [Text Viewer Hover Presenter] - IScalaPresentationCompiler$ - Ignoring InterruptException
2016-06-08 14:38:45,181 ERROR [Text Viewer Hover Presenter] - IScalaPresentationCompiler$ - Ignoring InterruptException
2016-06-08 14:43:25,307 ERROR [Text Viewer Hover Presenter] - IScalaPresentationCompiler$ - Ignoring InterruptException
2016-06-08 14:43:25,307 ERROR [Text Viewer Hover Presenter] - IScalaPresentationCompiler$ - Ignoring InterruptException
2016-06-08 14:43:25,308 ERROR [Text Viewer Hover Presenter] - IScalaPresentationCompiler$ - Ignoring InterruptException
2016-06-08 14:50:21,676 ERROR [Worker-3] - System.err - SLF4J: Failed to load class "org.slf4j.impl.StaticLoggerBinder".
2016-06-08 14:50:21,676 ERROR [Worker-3] - System.err - SLF4J: Defaulting to no-operation (NOP) logger implementation
2016-06-08 14:50:21,676 ERROR [Worker-3] - System.err - SLF4J: See http://www.slf4j.org/codes.html#StaticLoggerBinder for further details.
2016-06-13 19:13:22,207  WARN [Worker-2] - ScalaProject - Project samples has platform default sourceLevel.
2016-06-13 19:13:22,210  WARN [Worker-2] - ScalaProject - Project samples runs on platform default installation.
2016-06-13 19:13:24,712  WARN [main] - org.scala-ide.sdt.core - org.scala-ide.sdt.core - org.scala-ide.sdt.core - 0 - Preference scala.compiler.sourceLevel was uninitialized for example, setting default to 2.11.
2016-06-13 19:13:24,713  WARN [main] - org.scala-ide.sdt.core - org.scala-ide.sdt.core - org.scala-ide.sdt.core - 0 - Preference scala.compiler.installation was uninitialized for example, setting default to 2.11.
2016-06-13 19:15:30,576  WARN [Worker-7] - ScalaProject - Project samples has platform default sourceLevel.
2016-06-13 19:15:30,577  WARN [Worker-7] - ScalaProject - Project samples runs on platform default installation.
2016-06-13 19:15:30,583  WARN [Worker-7] - ScalaProject - Project samples has platform default sourceLevel.
2016-06-13 19:15:30,583  WARN [Worker-7] - ScalaProject - Project samples runs on platform default installation.
2016-06-13 19:15:40,908  WARN [Worker-5] - ScalaProject - Project samples has platform default sourceLevel.
2016-06-13 19:15:40,908  WARN [Worker-5] - ScalaProject - Project samples runs on platform default installation.
2016-06-13 19:15:41,543  WARN [bundle-322-ActorSystem-akka.actor.default-dispatcher-2] - ScalaProject - Project samples has platform default sourceLevel.
2016-06-13 19:15:41,544  WARN [bundle-322-ActorSystem-akka.actor.default-dispatcher-2] - ScalaProject - Project samples runs on platform default installation.
2016-06-13 19:15:44,097  WARN [Worker-10] - ScalaProject - Project samples has platform default sourceLevel.
2016-06-13 19:15:44,097  WARN [Worker-10] - ScalaProject - Project samples runs on platform default installation.
2016-06-13 19:15:56,068  WARN [Worker-10] - ScalaProject - Project samples has platform default sourceLevel.
2016-06-13 19:15:56,068  WARN [Worker-10] - ScalaProject - Project samples runs on platform default installation.
2016-06-13 19:15:57,094  WARN [Worker-10] - ScalaProject - Project samples has platform default sourceLevel.
2016-06-13 19:15:57,095  WARN [Worker-10] - ScalaProject - Project samples runs on platform default installation.
2016-06-13 19:16:05,566  WARN [Worker-7] - ScalaProject - Project samples has platform default sourceLevel.
2016-06-13 19:16:05,567  WARN [Worker-7] - ScalaProject - Project samples runs on platform default installation.
2016-06-13 19:16:06,625  WARN [Worker-3] - ScalaProject - Project samples has platform default sourceLevel.
2016-06-13 19:16:06,625  WARN [Worker-3] - ScalaProject - Project samples runs on platform default installation.
2016-06-13 19:16:08,880 ERROR [Worker-6] - System.err - SLF4J: Failed to load class "org.slf4j.impl.StaticLoggerBinder".
2016-06-13 19:16:08,880 ERROR [Worker-6] - System.err - SLF4J: Defaulting to no-operation (NOP) logger implementation
2016-06-13 19:16:08,880 ERROR [Worker-6] - System.err - SLF4J: See http://www.slf4j.org/codes.html#StaticLoggerBinder for further details.
2016-06-13 19:16:59,478  WARN [Worker-7] - ScalaProject - Project samples has platform default sourceLevel.
2016-06-13 19:16:59,479  WARN [Worker-7] - ScalaProject - Project samples runs on platform default installation.
2016-06-13 19:17:07,138  WARN [Worker-2] - ScalaProject - Project samples has platform default sourceLevel.
2016-06-13 19:17:07,138  WARN [Worker-2] - ScalaProject - Project samples runs on platform default installation.
2016-06-13 19:17:08,157  WARN [Worker-11] - ScalaProject - Project samples has platform default sourceLevel.
2016-06-13 19:17:08,157  WARN [Worker-11] - ScalaProject - Project samples runs on platform default installation.
2016-06-13 19:17:11,796  WARN [Worker-11] - ScalaProject - Project samples has platform default sourceLevel.
2016-06-13 19:17:11,796  WARN [Worker-11] - ScalaProject - Project samples runs on platform default installation.
2016-06-13 19:17:12,822  WARN [Worker-0] - ScalaProject - Project samples has platform default sourceLevel.
2016-06-13 19:17:12,822  WARN [Worker-0] - ScalaProject - Project samples runs on platform default installation.
2016-06-13 19:18:57,992  WARN [Worker-11] - ScalaProject - Project samples has platform default sourceLevel.
2016-06-13 19:18:57,992  WARN [Worker-11] - ScalaProject - Project samples runs on platform default installation.
2016-06-13 19:18:59,058  WARN [Worker-1] - ScalaProject - Project samples has platform default sourceLevel.
2016-06-13 19:18:59,059  WARN [Worker-1] - ScalaProject - Project samples runs on platform default installation.
2016-06-13 19:19:21,938  WARN [Worker-5] - ScalaProject - Project samples has platform default sourceLevel.
2016-06-13 19:19:21,938  WARN [Worker-5] - ScalaProject - Project samples runs on platform default installation.
2016-06-13 19:19:32,817  WARN [Worker-6] - ScalaProject - Project samples has platform default sourceLevel.
2016-06-13 19:19:32,818  WARN [Worker-6] - ScalaProject - Project samples runs on platform default installation.
2016-06-13 19:24:46,800  WARN [Worker-0] - ScalaProject - Project samples has platform default sourceLevel.
2016-06-13 19:24:46,802  WARN [Worker-0] - ScalaProject - Project samples runs on platform default installation.
2016-06-13 19:24:47,822  WARN [Worker-11] - ScalaProject - Project samples has platform default sourceLevel.
2016-06-13 19:24:47,822  WARN [Worker-11] - ScalaProject - Project samples runs on platform default installation.
2016-06-13 19:24:52,412  WARN [Worker-3] - ScalaProject - Project samples has platform default sourceLevel.
2016-06-13 19:24:52,412  WARN [Worker-3] - ScalaProject - Project samples runs on platform default installation.
2016-06-13 19:24:53,429  WARN [Worker-0] - ScalaProject - Project samples has platform default sourceLevel.
2016-06-13 19:24:53,429  WARN [Worker-0] - ScalaProject - Project samples runs on platform default installation.
2016-06-13 19:27:23,315  WARN [Worker-6] - ScalaProject - Project samples has platform default sourceLevel.
2016-06-13 19:27:23,316  WARN [Worker-6] - ScalaProject - Project samples runs on platform default installation.
2016-06-13 19:27:24,390  WARN [Worker-0] - ScalaProject - Project samples has platform default sourceLevel.
2016-06-13 19:27:24,390  WARN [Worker-0] - ScalaProject - Project samples runs on platform default installation.
2016-06-13 19:27:47,955  WARN [Worker-3] - ScalaProject - Project samples has platform default sourceLevel.
2016-06-13 19:27:47,955  WARN [Worker-3] - ScalaProject - Project samples runs on platform default installation.
2016-06-13 19:27:49,025  WARN [Worker-0] - ScalaProject - Project samples has platform default sourceLevel.
2016-06-13 19:27:49,025  WARN [Worker-0] - ScalaProject - Project samples runs on platform default installation.
2016-06-13 19:27:59,402  WARN [Worker-0] - ScalaProject - Project samples has platform default sourceLevel.
2016-06-13 19:27:59,402  WARN [Worker-0] - ScalaProject - Project samples runs on platform default installation.
2016-06-13 19:28:00,470  WARN [Worker-6] - ScalaProject - Project samples has platform default sourceLevel.
2016-06-13 19:28:00,471  WARN [Worker-6] - ScalaProject - Project samples runs on platform default installation.
2016-06-13 19:28:05,007  WARN [Worker-3] - ScalaProject - Project samples has platform default sourceLevel.
2016-06-13 19:28:05,007  WARN [Worker-3] - ScalaProject - Project samples runs on platform default installation.
2016-06-13 19:28:06,076  WARN [Worker-5] - ScalaProject - Project samples has platform default sourceLevel.
2016-06-13 19:28:06,076  WARN [Worker-5] - ScalaProject - Project samples runs on platform default installation.
2016-06-13 19:28:37,352  WARN [Worker-6] - ScalaProject - Project samples has platform default sourceLevel.
2016-06-13 19:28:37,352  WARN [Worker-6] - ScalaProject - Project samples runs on platform default installation.
2016-06-13 19:28:49,005  WARN [Worker-3] - ScalaProject - Project samples has platform default sourceLevel.
2016-06-13 19:28:49,005  WARN [Worker-3] - ScalaProject - Project samples runs on platform default installation.
2016-06-13 19:28:50,073  WARN [Worker-3] - ScalaProject - Project samples has platform default sourceLevel.
2016-06-13 19:28:50,073  WARN [Worker-3] - ScalaProject - Project samples runs on platform default installation.
2016-06-13 19:28:59,869  WARN [Worker-0] - ScalaProject - Project samples has platform default sourceLevel.
2016-06-13 19:28:59,869  WARN [Worker-0] - ScalaProject - Project samples runs on platform default installation.
2016-06-13 19:29:00,943  WARN [Worker-2] - ScalaProject - Project samples has platform default sourceLevel.
2016-06-13 19:29:00,943  WARN [Worker-2] - ScalaProject - Project samples runs on platform default installation.
2016-06-13 19:29:44,974  WARN [Worker-4] - ScalaProject - Project samples has platform default sourceLevel.
2016-06-13 19:29:44,975  WARN [Worker-4] - ScalaProject - Project samples runs on platform default installation.
2016-06-13 19:29:46,042  WARN [Worker-4] - ScalaProject - Project samples has platform default sourceLevel.
2016-06-13 19:29:46,042  WARN [Worker-4] - ScalaProject - Project samples runs on platform default installation.
2016-06-13 19:29:55,964 ERROR [main] - org.scala-ide.sdt.core - org.scala-ide.sdt.core - org.scala-ide.sdt.core - 0 - Throwable during asyncExec
org.eclipse.core.internal.resources.ResourceException: Resource '/samples/src/week1/exercise1.sc' does not exist.
	at org.eclipse.core.internal.resources.Resource.checkExists(Resource.java:341)
	at org.eclipse.core.internal.resources.Resource.checkAccessible(Resource.java:215)
	at org.eclipse.core.internal.resources.File.getContents(File.java:288)
	at org.scalaide.core.resources.EclipseFile.input(EclipseFile.scala:104)
	at scala.reflect.io.AbstractFile.toByteArray(AbstractFile.scala:167)
	at scala.reflect.io.AbstractFile.toCharArray(AbstractFile.scala:161)
	at org.scalaide.worksheet.ScriptCompilationUnit$$anonfun$getContents$2.apply(ScriptCompilationUnit.scala:53)
	at org.scalaide.worksheet.ScriptCompilationUnit$$anonfun$getContents$2.apply(ScriptCompilationUnit.scala:53)
	at scala.Option.getOrElse(Option.scala:121)
	at org.scalaide.worksheet.ScriptCompilationUnit.getContents(ScriptCompilationUnit.scala:53)
	at org.scalaide.worksheet.ScriptCompilationUnit.lastSourceMap(ScriptCompilationUnit.scala:37)
	at org.scalaide.core.internal.compiler.ScalaPresentationCompiler$$anonfun$14$$anonfun$apply$10.apply(ScalaPresentationCompiler.scala:472)
	at org.scalaide.core.internal.compiler.ScalaPresentationCompiler$$anonfun$14$$anonfun$apply$10.apply(ScalaPresentationCompiler.scala:469)
	at scala.Option.map(Option.scala:146)
	at org.scalaide.core.internal.compiler.ScalaPresentationCompiler$$anonfun$14.apply(ScalaPresentationCompiler.scala:469)
	at org.scalaide.core.internal.compiler.ScalaPresentationCompiler$$anonfun$14.apply(ScalaPresentationCompiler.scala:469)
	at scala.tools.nsc.util.InterruptReq.execute(InterruptReq.scala:26)
	at scala.tools.nsc.interactive.Global$$anonfun$pollForWork$1.apply$mcV$sp(Global.scala:457)
	at scala.util.control.Breaks.breakable(Breaks.scala:38)
	at scala.tools.nsc.interactive.Global.pollForWork(Global.scala:431)
	at scala.tools.nsc.interactive.PresentationCompilerThread.run(PresentationCompilerThread.scala:22)
2016-06-13 19:29:56,168 ERROR [main] - org.scala-ide.sdt.core - org.scala-ide.sdt.core - org.scala-ide.sdt.core - 0 - Throwable during asyncExec
org.eclipse.core.internal.resources.ResourceException: Resource '/samples/src/week1/exercise1.sc' does not exist.
	at org.eclipse.core.internal.resources.Resource.checkExists(Resource.java:341)
	at org.eclipse.core.internal.resources.Resource.checkAccessible(Resource.java:215)
	at org.eclipse.core.internal.resources.File.getContents(File.java:288)
	at org.scalaide.core.resources.EclipseFile.input(EclipseFile.scala:104)
	at scala.reflect.io.AbstractFile.toByteArray(AbstractFile.scala:167)
	at scala.reflect.io.AbstractFile.toCharArray(AbstractFile.scala:161)
	at org.scalaide.worksheet.ScriptCompilationUnit$$anonfun$getContents$2.apply(ScriptCompilationUnit.scala:53)
	at org.scalaide.worksheet.ScriptCompilationUnit$$anonfun$getContents$2.apply(ScriptCompilationUnit.scala:53)
	at scala.Option.getOrElse(Option.scala:121)
	at org.scalaide.worksheet.ScriptCompilationUnit.getContents(ScriptCompilationUnit.scala:53)
	at org.scalaide.worksheet.ScriptCompilationUnit.lastSourceMap(ScriptCompilationUnit.scala:37)
	at org.scalaide.core.internal.compiler.ScalaPresentationCompiler$$anonfun$14$$anonfun$apply$10.apply(ScalaPresentationCompiler.scala:472)
	at org.scalaide.core.internal.compiler.ScalaPresentationCompiler$$anonfun$14$$anonfun$apply$10.apply(ScalaPresentationCompiler.scala:469)
	at scala.Option.map(Option.scala:146)
	at org.scalaide.core.internal.compiler.ScalaPresentationCompiler$$anonfun$14.apply(ScalaPresentationCompiler.scala:469)
	at org.scalaide.core.internal.compiler.ScalaPresentationCompiler$$anonfun$14.apply(ScalaPresentationCompiler.scala:469)
	at scala.tools.nsc.util.InterruptReq.execute(InterruptReq.scala:26)
	at scala.tools.nsc.interactive.Global$$anonfun$pollForWork$1.apply$mcV$sp(Global.scala:457)
	at scala.util.control.Breaks.breakable(Breaks.scala:38)
	at scala.tools.nsc.interactive.Global.pollForWork(Global.scala:431)
	at scala.tools.nsc.interactive.PresentationCompilerThread.run(PresentationCompilerThread.scala:22)
2016-06-13 19:29:56,196 ERROR [main] - org.scala-ide.sdt.core - org.scala-ide.sdt.core - org.scala-ide.sdt.core - 0 - Throwable during asyncExec
org.eclipse.core.internal.resources.ResourceException: Resource '/samples/src/week1/exercise1.sc' does not exist.
	at org.eclipse.core.internal.resources.Resource.checkExists(Resource.java:341)
	at org.eclipse.core.internal.resources.Resource.checkAccessible(Resource.java:215)
	at org.eclipse.core.internal.resources.File.getContents(File.java:288)
	at org.scalaide.core.resources.EclipseFile.input(EclipseFile.scala:104)
	at scala.reflect.io.AbstractFile.toByteArray(AbstractFile.scala:167)
	at scala.reflect.io.AbstractFile.toCharArray(AbstractFile.scala:161)
	at org.scalaide.worksheet.ScriptCompilationUnit$$anonfun$getContents$2.apply(ScriptCompilationUnit.scala:53)
	at org.scalaide.worksheet.ScriptCompilationUnit$$anonfun$getContents$2.apply(ScriptCompilationUnit.scala:53)
	at scala.Option.getOrElse(Option.scala:121)
	at org.scalaide.worksheet.ScriptCompilationUnit.getContents(ScriptCompilationUnit.scala:53)
	at org.scalaide.worksheet.ScriptCompilationUnit.lastSourceMap(ScriptCompilationUnit.scala:37)
	at org.scalaide.core.internal.compiler.ScalaPresentationCompiler$$anonfun$14$$anonfun$apply$10.apply(ScalaPresentationCompiler.scala:472)
	at org.scalaide.core.internal.compiler.ScalaPresentationCompiler$$anonfun$14$$anonfun$apply$10.apply(ScalaPresentationCompiler.scala:469)
	at scala.Option.map(Option.scala:146)
	at org.scalaide.core.internal.compiler.ScalaPresentationCompiler$$anonfun$14.apply(ScalaPresentationCompiler.scala:469)
	at org.scalaide.core.internal.compiler.ScalaPresentationCompiler$$anonfun$14.apply(ScalaPresentationCompiler.scala:469)
	at scala.tools.nsc.util.InterruptReq.execute(InterruptReq.scala:26)
	at scala.tools.nsc.interactive.Global$$anonfun$pollForWork$1.apply$mcV$sp(Global.scala:457)
	at scala.util.control.Breaks.breakable(Breaks.scala:38)
	at scala.tools.nsc.interactive.Global.pollForWork(Global.scala:431)
	at scala.tools.nsc.interactive.PresentationCompilerThread.run(PresentationCompilerThread.scala:22)
2016-06-13 19:29:56,198 ERROR [main] - org.scala-ide.sdt.core - org.scala-ide.sdt.core - org.scala-ide.sdt.core - 0 - Throwable during asyncExec
org.eclipse.core.internal.resources.ResourceException: Resource '/samples/src/week1/exercise1.sc' does not exist.
	at org.eclipse.core.internal.resources.Resource.checkExists(Resource.java:341)
	at org.eclipse.core.internal.resources.Resource.checkAccessible(Resource.java:215)
	at org.eclipse.core.internal.resources.File.getContents(File.java:288)
	at org.scalaide.core.resources.EclipseFile.input(EclipseFile.scala:104)
	at scala.reflect.io.AbstractFile.toByteArray(AbstractFile.scala:167)
	at scala.reflect.io.AbstractFile.toCharArray(AbstractFile.scala:161)
	at org.scalaide.worksheet.ScriptCompilationUnit$$anonfun$getContents$2.apply(ScriptCompilationUnit.scala:53)
	at org.scalaide.worksheet.ScriptCompilationUnit$$anonfun$getContents$2.apply(ScriptCompilationUnit.scala:53)
	at scala.Option.getOrElse(Option.scala:121)
	at org.scalaide.worksheet.ScriptCompilationUnit.getContents(ScriptCompilationUnit.scala:53)
	at org.scalaide.worksheet.ScriptCompilationUnit.lastSourceMap(ScriptCompilationUnit.scala:37)
	at org.scalaide.core.internal.compiler.ScalaPresentationCompiler$$anonfun$14$$anonfun$apply$10.apply(ScalaPresentationCompiler.scala:472)
	at org.scalaide.core.internal.compiler.ScalaPresentationCompiler$$anonfun$14$$anonfun$apply$10.apply(ScalaPresentationCompiler.scala:469)
	at scala.Option.map(Option.scala:146)
	at org.scalaide.core.internal.compiler.ScalaPresentationCompiler$$anonfun$14.apply(ScalaPresentationCompiler.scala:469)
	at org.scalaide.core.internal.compiler.ScalaPresentationCompiler$$anonfun$14.apply(ScalaPresentationCompiler.scala:469)
	at scala.tools.nsc.util.InterruptReq.execute(InterruptReq.scala:26)
	at scala.tools.nsc.interactive.Global$$anonfun$pollForWork$1.apply$mcV$sp(Global.scala:457)
	at scala.util.control.Breaks.breakable(Breaks.scala:38)
	at scala.tools.nsc.interactive.Global.pollForWork(Global.scala:431)
	at scala.tools.nsc.interactive.PresentationCompilerThread.run(PresentationCompilerThread.scala:22)
2016-06-13 19:29:56,200 ERROR [main] - org.scala-ide.sdt.core - org.scala-ide.sdt.core - org.scala-ide.sdt.core - 0 - Throwable during asyncExec
org.eclipse.core.internal.resources.ResourceException: Resource '/samples/src/week1/exercise1.sc' does not exist.
	at org.eclipse.core.internal.resources.Resource.checkExists(Resource.java:341)
	at org.eclipse.core.internal.resources.Resource.checkAccessible(Resource.java:215)
	at org.eclipse.core.internal.resources.File.getContents(File.java:288)
	at org.scalaide.core.resources.EclipseFile.input(EclipseFile.scala:104)
	at scala.reflect.io.AbstractFile.toByteArray(AbstractFile.scala:167)
	at scala.reflect.io.AbstractFile.toCharArray(AbstractFile.scala:161)
	at org.scalaide.worksheet.ScriptCompilationUnit$$anonfun$getContents$2.apply(ScriptCompilationUnit.scala:53)
	at org.scalaide.worksheet.ScriptCompilationUnit$$anonfun$getContents$2.apply(ScriptCompilationUnit.scala:53)
	at scala.Option.getOrElse(Option.scala:121)
	at org.scalaide.worksheet.ScriptCompilationUnit.getContents(ScriptCompilationUnit.scala:53)
	at org.scalaide.worksheet.ScriptCompilationUnit.lastSourceMap(ScriptCompilationUnit.scala:37)
	at org.scalaide.core.internal.compiler.ScalaPresentationCompiler$$anonfun$14$$anonfun$apply$10.apply(ScalaPresentationCompiler.scala:472)
	at org.scalaide.core.internal.compiler.ScalaPresentationCompiler$$anonfun$14$$anonfun$apply$10.apply(ScalaPresentationCompiler.scala:469)
	at scala.Option.map(Option.scala:146)
	at org.scalaide.core.internal.compiler.ScalaPresentationCompiler$$anonfun$14.apply(ScalaPresentationCompiler.scala:469)
	at org.scalaide.core.internal.compiler.ScalaPresentationCompiler$$anonfun$14.apply(ScalaPresentationCompiler.scala:469)
	at scala.tools.nsc.util.InterruptReq.execute(InterruptReq.scala:26)
	at scala.tools.nsc.interactive.Global$$anonfun$pollForWork$1.apply$mcV$sp(Global.scala:457)
	at scala.util.control.Breaks.breakable(Breaks.scala:38)
	at scala.tools.nsc.interactive.Global.pollForWork(Global.scala:431)
	at scala.tools.nsc.interactive.PresentationCompilerThread.run(PresentationCompilerThread.scala:22)
2016-06-13 19:29:58,361 ERROR [Text Viewer Hover Presenter] - System.err - Exception in thread "Text Viewer Hover Presenter"
2016-06-13 19:29:58,361 ERROR [Text Viewer Hover Presenter] - System.err - org.eclipse.core.internal.resources.ResourceException: Resource '/samples/src/week1/exercise1.sc' does not exist.
2016-06-13 19:29:58,361 ERROR [Text Viewer Hover Presenter] - System.err - at org.eclipse.core.internal.resources.Resource.checkExists(Resource.java:341)
2016-06-13 19:29:58,361 ERROR [Text Viewer Hover Presenter] - System.err - at org.eclipse.core.internal.resources.Resource.checkAccessible(Resource.java:215)
2016-06-13 19:29:58,361 ERROR [Text Viewer Hover Presenter] - System.err - at org.eclipse.core.internal.resources.File.getContents(File.java:288)
2016-06-13 19:29:58,361 ERROR [Text Viewer Hover Presenter] - System.err - at org.scalaide.core.resources.EclipseFile.input(EclipseFile.scala:104)
2016-06-13 19:29:58,361 ERROR [Text Viewer Hover Presenter] - System.err - at scala.reflect.io.AbstractFile.toByteArray(AbstractFile.scala:167)
2016-06-13 19:29:58,361 ERROR [Text Viewer Hover Presenter] - System.err - at scala.reflect.io.AbstractFile.toCharArray(AbstractFile.scala:161)
2016-06-13 19:29:58,361 ERROR [Text Viewer Hover Presenter] - System.err - at org.scalaide.worksheet.ScriptCompilationUnit$$anonfun$getContents$2.apply(ScriptCompilationUnit.scala:53)
2016-06-13 19:29:58,361 ERROR [Text Viewer Hover Presenter] - System.err - at org.scalaide.worksheet.ScriptCompilationUnit$$anonfun$getContents$2.apply(ScriptCompilationUnit.scala:53)
2016-06-13 19:29:58,361 ERROR [Text Viewer Hover Presenter] - System.err - at scala.Option.getOrElse(Option.scala:121)
2016-06-13 19:29:58,361 ERROR [Text Viewer Hover Presenter] - System.err - at org.scalaide.worksheet.ScriptCompilationUnit.getContents(ScriptCompilationUnit.scala:53)
2016-06-13 19:29:58,361 ERROR [Text Viewer Hover Presenter] - System.err - at org.scalaide.worksheet.ScriptCompilationUnit.lastSourceMap(ScriptCompilationUnit.scala:37)
2016-06-13 19:29:58,362 ERROR [Text Viewer Hover Presenter] - System.err - at org.scalaide.core.compiler.InteractiveCompilationUnit$$anonfun$withSourceFile$1.apply(InteractiveCompilationUnit.scala:201)
2016-06-13 19:29:58,362 ERROR [Text Viewer Hover Presenter] - System.err - at org.scalaide.core.compiler.InteractiveCompilationUnit$$anonfun$withSourceFile$1.apply(InteractiveCompilationUnit.scala:201)
2016-06-13 19:29:58,362 ERROR [Text Viewer Hover Presenter] - System.err - at org.scalaide.core.internal.compiler.PresentationCompilerProxy$$anonfun$internal$1.apply(PresentationCompilerProxy.scala:99)
2016-06-13 19:29:58,362 ERROR [Text Viewer Hover Presenter] - System.err - at org.scalaide.core.internal.compiler.PresentationCompilerProxy$$anonfun$internal$1.apply(PresentationCompilerProxy.scala:98)
2016-06-13 19:29:58,362 ERROR [Text Viewer Hover Presenter] - System.err - at scala.Option.flatMap(Option.scala:171)
2016-06-13 19:29:58,362 ERROR [Text Viewer Hover Presenter] - System.err - at org.scalaide.core.internal.compiler.PresentationCompilerProxy.internal(PresentationCompilerProxy.scala:98)
2016-06-13 19:29:58,362 ERROR [Text Viewer Hover Presenter] - System.err - at org.scalaide.core.internal.compiler.PresentationCompilerProxy.apply(PresentationCompilerProxy.scala:56)
2016-06-13 19:29:58,362 ERROR [Text Viewer Hover Presenter] - System.err - at org.scalaide.core.compiler.InteractiveCompilationUnit$class.withSourceFile(InteractiveCompilationUnit.scala:201)
2016-06-13 19:29:58,362 ERROR [Text Viewer Hover Presenter] - System.err - at org.scalaide.worksheet.ScriptCompilationUnit.withSourceFile(ScriptCompilationUnit.scala:26)
2016-06-13 19:29:58,362 ERROR [Text Viewer Hover Presenter] - System.err - at org.scalaide.core.internal.compiler.Scaladoc$$anonfun$1.apply(ScalaDoc.scala:48)
2016-06-13 19:29:58,362 ERROR [Text Viewer Hover Presenter] - System.err - at org.scalaide.core.internal.compiler.Scaladoc$$anonfun$1.apply(ScalaDoc.scala:48)
2016-06-13 19:29:58,362 ERROR [Text Viewer Hover Presenter] - System.err - at scala.Option.map(Option.scala:146)
2016-06-13 19:29:58,362 ERROR [Text Viewer Hover Presenter] - System.err - at org.scalaide.core.internal.compiler.Scaladoc$class.parsedDocComment(ScalaDoc.scala:48)
2016-06-13 19:29:58,362 ERROR [Text Viewer Hover Presenter] - System.err - at org.scalaide.core.internal.compiler.ScalaPresentationCompiler.parsedDocComment(ScalaPresentationCompiler.scala:52)
2016-06-13 19:29:58,362 ERROR [Text Viewer Hover Presenter] - System.err - at org.scalaide.ui.internal.editor.hover.ScalaHoverImpl$$anonfun$1$$anonfun$apply$3$$anonfun$9.apply(ScalaHoverImpl.scala:227)
2016-06-13 19:29:58,362 ERROR [Text Viewer Hover Presenter] - System.err - at org.scalaide.ui.internal.editor.hover.ScalaHoverImpl$$anonfun$1$$anonfun$apply$3$$anonfun$9.apply(ScalaHoverImpl.scala:226)
2016-06-13 19:29:58,362 ERROR [Text Viewer Hover Presenter] - System.err - at scala.Option$WithFilter.flatMap(Option.scala:208)
2016-06-13 19:29:58,363 ERROR [Text Viewer Hover Presenter] - System.err - at org.scalaide.ui.internal.editor.hover.ScalaHoverImpl$$anonfun$1$$anonfun$apply$3.docComment$lzycompute$1(ScalaHoverImpl.scala:226)
2016-06-13 19:29:58,363 ERROR [Text Viewer Hover Presenter] - System.err - at org.scalaide.ui.internal.editor.hover.ScalaHoverImpl$$anonfun$1$$anonfun$apply$3.docComment$1(ScalaHoverImpl.scala:205)
2016-06-13 19:29:58,363 ERROR [Text Viewer Hover Presenter] - System.err - at org.scalaide.ui.internal.editor.hover.ScalaHoverImpl$$anonfun$1$$anonfun$apply$3.apply(ScalaHoverImpl.scala:238)
2016-06-13 19:29:58,363 ERROR [Text Viewer Hover Presenter] - System.err - at org.scalaide.ui.internal.editor.hover.ScalaHoverImpl$$anonfun$1$$anonfun$apply$3.apply(ScalaHoverImpl.scala:103)
2016-06-13 19:29:58,363 ERROR [Text Viewer Hover Presenter] - System.err - at org.scalaide.core.compiler.InteractiveCompilationUnit$$anonfun$withSourceFile$1.apply(InteractiveCompilationUnit.scala:201)
2016-06-13 19:29:58,363 ERROR [Text Viewer Hover Presenter] - System.err - at org.scalaide.core.compiler.InteractiveCompilationUnit$$anonfun$withSourceFile$1.apply(InteractiveCompilationUnit.scala:201)
2016-06-13 19:29:58,363 ERROR [Text Viewer Hover Presenter] - System.err - at org.scalaide.core.internal.compiler.PresentationCompilerProxy$$anonfun$internal$1.apply(PresentationCompilerProxy.scala:99)
2016-06-13 19:29:58,363 ERROR [Text Viewer Hover Presenter] - System.err - at org.scalaide.core.internal.compiler.PresentationCompilerProxy$$anonfun$internal$1.apply(PresentationCompilerProxy.scala:98)
2016-06-13 19:29:58,363 ERROR [Text Viewer Hover Presenter] - System.err - at scala.Option.flatMap(Option.scala:171)
2016-06-13 19:29:58,363 ERROR [Text Viewer Hover Presenter] - System.err - at org.scalaide.core.internal.compiler.PresentationCompilerProxy.internal(PresentationCompilerProxy.scala:98)
2016-06-13 19:29:58,363 ERROR [Text Viewer Hover Presenter] - System.err - at org.scalaide.core.internal.compiler.PresentationCompilerProxy.apply(PresentationCompilerProxy.scala:56)
2016-06-13 19:29:58,363 ERROR [Text Viewer Hover Presenter] - System.err - at org.scalaide.core.compiler.InteractiveCompilationUnit$class.withSourceFile(InteractiveCompilationUnit.scala:201)
2016-06-13 19:29:58,363 ERROR [Text Viewer Hover Presenter] - System.err - at org.scalaide.worksheet.ScriptCompilationUnit.withSourceFile(ScriptCompilationUnit.scala:26)
2016-06-13 19:29:58,363 ERROR [Text Viewer Hover Presenter] - System.err - at org.scalaide.ui.internal.editor.hover.ScalaHoverImpl$$anonfun$1.apply(ScalaHoverImpl.scala:103)
2016-06-13 19:29:58,363 ERROR [Text Viewer Hover Presenter] - System.err - at org.scalaide.ui.internal.editor.hover.ScalaHoverImpl$$anonfun$1.apply(ScalaHoverImpl.scala:101)
2016-06-13 19:29:58,363 ERROR [Text Viewer Hover Presenter] - System.err - at scala.Option.map(Option.scala:146)
2016-06-13 19:29:58,363 ERROR [Text Viewer Hover Presenter] - System.err - at org.scalaide.ui.internal.editor.hover.ScalaHoverImpl.getHoverInfo2(ScalaHoverImpl.scala:101)
2016-06-13 19:29:58,363 ERROR [Text Viewer Hover Presenter] - System.err - at org.eclipse.jface.text.TextViewerHoverManager$4.run(TextViewerHoverManager.java:166)
2016-06-13 19:30:02,318 ERROR [Text Viewer Hover Presenter] - System.err - Exception in thread "Text Viewer Hover Presenter"
2016-06-13 19:30:02,318 ERROR [Text Viewer Hover Presenter] - System.err - org.eclipse.core.internal.resources.ResourceException: Resource '/samples/src/week1/exercise1.sc' does not exist.
2016-06-13 19:30:02,318 ERROR [Text Viewer Hover Presenter] - System.err - at org.eclipse.core.internal.resources.Resource.checkExists(Resource.java:341)
2016-06-13 19:30:02,318 ERROR [Text Viewer Hover Presenter] - System.err - at org.eclipse.core.internal.resources.Resource.checkAccessible(Resource.java:215)
2016-06-13 19:30:02,319 ERROR [Text Viewer Hover Presenter] - System.err - at org.eclipse.core.internal.resources.File.getContents(File.java:288)
2016-06-13 19:30:02,319 ERROR [Text Viewer Hover Presenter] - System.err - at org.scalaide.core.resources.EclipseFile.input(EclipseFile.scala:104)
2016-06-13 19:30:02,319 ERROR [Text Viewer Hover Presenter] - System.err - at scala.reflect.io.AbstractFile.toByteArray(AbstractFile.scala:167)
2016-06-13 19:30:02,319 ERROR [Text Viewer Hover Presenter] - System.err - at scala.reflect.io.AbstractFile.toCharArray(AbstractFile.scala:161)
2016-06-13 19:30:02,319 ERROR [Text Viewer Hover Presenter] - System.err - at org.scalaide.worksheet.ScriptCompilationUnit$$anonfun$getContents$2.apply(ScriptCompilationUnit.scala:53)
2016-06-13 19:30:02,319 ERROR [Text Viewer Hover Presenter] - System.err - at org.scalaide.worksheet.ScriptCompilationUnit$$anonfun$getContents$2.apply(ScriptCompilationUnit.scala:53)
2016-06-13 19:30:02,319 ERROR [Text Viewer Hover Presenter] - System.err - at scala.Option.getOrElse(Option.scala:121)
2016-06-13 19:30:02,319 ERROR [Text Viewer Hover Presenter] - System.err - at org.scalaide.worksheet.ScriptCompilationUnit.getContents(ScriptCompilationUnit.scala:53)
2016-06-13 19:30:02,319 ERROR [Text Viewer Hover Presenter] - System.err - at org.scalaide.worksheet.ScriptCompilationUnit.lastSourceMap(ScriptCompilationUnit.scala:37)
2016-06-13 19:30:02,319 ERROR [Text Viewer Hover Presenter] - System.err - at org.scalaide.core.compiler.InteractiveCompilationUnit$$anonfun$withSourceFile$1.apply(InteractiveCompilationUnit.scala:201)
2016-06-13 19:30:02,319 ERROR [Text Viewer Hover Presenter] - System.err - at org.scalaide.core.compiler.InteractiveCompilationUnit$$anonfun$withSourceFile$1.apply(InteractiveCompilationUnit.scala:201)
2016-06-13 19:30:02,319 ERROR [Text Viewer Hover Presenter] - System.err - at org.scalaide.core.internal.compiler.PresentationCompilerProxy$$anonfun$internal$1.apply(PresentationCompilerProxy.scala:99)
2016-06-13 19:30:02,319 ERROR [Text Viewer Hover Presenter] - System.err - at org.scalaide.core.internal.compiler.PresentationCompilerProxy$$anonfun$internal$1.apply(PresentationCompilerProxy.scala:98)
2016-06-13 19:30:02,319 ERROR [Text Viewer Hover Presenter] - System.err - at scala.Option.flatMap(Option.scala:171)
2016-06-13 19:30:02,319 ERROR [Text Viewer Hover Presenter] - System.err - at org.scalaide.core.internal.compiler.PresentationCompilerProxy.internal(PresentationCompilerProxy.scala:98)
2016-06-13 19:30:02,319 ERROR [Text Viewer Hover Presenter] - System.err - at org.scalaide.core.internal.compiler.PresentationCompilerProxy.apply(PresentationCompilerProxy.scala:56)
2016-06-13 19:30:02,319 ERROR [Text Viewer Hover Presenter] - System.err - at org.scalaide.core.compiler.InteractiveCompilationUnit$class.withSourceFile(InteractiveCompilationUnit.scala:201)
2016-06-13 19:30:02,319 ERROR [Text Viewer Hover Presenter] - System.err - at org.scalaide.worksheet.ScriptCompilationUnit.withSourceFile(ScriptCompilationUnit.scala:26)
2016-06-13 19:30:02,319 ERROR [Text Viewer Hover Presenter] - System.err - at org.scalaide.core.internal.compiler.Scaladoc$$anonfun$1.apply(ScalaDoc.scala:48)
2016-06-13 19:30:02,319 ERROR [Text Viewer Hover Presenter] - System.err - at org.scalaide.core.internal.compiler.Scaladoc$$anonfun$1.apply(ScalaDoc.scala:48)
2016-06-13 19:30:02,319 ERROR [Text Viewer Hover Presenter] - System.err - at scala.Option.map(Option.scala:146)
2016-06-13 19:30:02,319 ERROR [Text Viewer Hover Presenter] - System.err - at org.scalaide.core.internal.compiler.Scaladoc$class.parsedDocComment(ScalaDoc.scala:48)
2016-06-13 19:30:02,319 ERROR [Text Viewer Hover Presenter] - System.err - at org.scalaide.core.internal.compiler.ScalaPresentationCompiler.parsedDocComment(ScalaPresentationCompiler.scala:52)
2016-06-13 19:30:02,319 ERROR [Text Viewer Hover Presenter] - System.err - at org.scalaide.ui.internal.editor.hover.ScalaHoverImpl$$anonfun$1$$anonfun$apply$3$$anonfun$9.apply(ScalaHoverImpl.scala:227)
2016-06-13 19:30:02,319 ERROR [Text Viewer Hover Presenter] - System.err - at org.scalaide.ui.internal.editor.hover.ScalaHoverImpl$$anonfun$1$$anonfun$apply$3$$anonfun$9.apply(ScalaHoverImpl.scala:226)
2016-06-13 19:30:02,319 ERROR [Text Viewer Hover Presenter] - System.err - at scala.Option$WithFilter.flatMap(Option.scala:208)
2016-06-13 19:30:02,319 ERROR [Text Viewer Hover Presenter] - System.err - at org.scalaide.ui.internal.editor.hover.ScalaHoverImpl$$anonfun$1$$anonfun$apply$3.docComment$lzycompute$1(ScalaHoverImpl.scala:226)
2016-06-13 19:30:02,319 ERROR [Text Viewer Hover Presenter] - System.err - at org.scalaide.ui.internal.editor.hover.ScalaHoverImpl$$anonfun$1$$anonfun$apply$3.docComment$1(ScalaHoverImpl.scala:205)
2016-06-13 19:30:02,319 ERROR [Text Viewer Hover Presenter] - System.err - at org.scalaide.ui.internal.editor.hover.ScalaHoverImpl$$anonfun$1$$anonfun$apply$3.apply(ScalaHoverImpl.scala:238)
2016-06-13 19:30:02,319 ERROR [Text Viewer Hover Presenter] - System.err - at org.scalaide.ui.internal.editor.hover.ScalaHoverImpl$$anonfun$1$$anonfun$apply$3.apply(ScalaHoverImpl.scala:103)
2016-06-13 19:30:02,319 ERROR [Text Viewer Hover Presenter] - System.err - at org.scalaide.core.compiler.InteractiveCompilationUnit$$anonfun$withSourceFile$1.apply(InteractiveCompilationUnit.scala:201)
2016-06-13 19:30:02,319 ERROR [Text Viewer Hover Presenter] - System.err - at org.scalaide.core.compiler.InteractiveCompilationUnit$$anonfun$withSourceFile$1.apply(InteractiveCompilationUnit.scala:201)
2016-06-13 19:30:02,319 ERROR [Text Viewer Hover Presenter] - System.err - at org.scalaide.core.internal.compiler.PresentationCompilerProxy$$anonfun$internal$1.apply(PresentationCompilerProxy.scala:99)
2016-06-13 19:30:02,319 ERROR [Text Viewer Hover Presenter] - System.err - at org.scalaide.core.internal.compiler.PresentationCompilerProxy$$anonfun$internal$1.apply(PresentationCompilerProxy.scala:98)
2016-06-13 19:30:02,319 ERROR [Text Viewer Hover Presenter] - System.err - at scala.Option.flatMap(Option.scala:171)
2016-06-13 19:30:02,319 ERROR [Text Viewer Hover Presenter] - System.err - at org.scalaide.core.internal.compiler.PresentationCompilerProxy.internal(PresentationCompilerProxy.scala:98)
2016-06-13 19:30:02,319 ERROR [Text Viewer Hover Presenter] - System.err - at org.scalaide.core.internal.compiler.PresentationCompilerProxy.apply(PresentationCompilerProxy.scala:56)
2016-06-13 19:30:02,319 ERROR [Text Viewer Hover Presenter] - System.err - at org.scalaide.core.compiler.InteractiveCompilationUnit$class.withSourceFile(InteractiveCompilationUnit.scala:201)
2016-06-13 19:30:02,319 ERROR [Text Viewer Hover Presenter] - System.err - at org.scalaide.worksheet.ScriptCompilationUnit.withSourceFile(ScriptCompilationUnit.scala:26)
2016-06-13 19:30:02,319 ERROR [Text Viewer Hover Presenter] - System.err - at org.scalaide.ui.internal.editor.hover.ScalaHoverImpl$$anonfun$1.apply(ScalaHoverImpl.scala:103)
2016-06-13 19:30:02,319 ERROR [Text Viewer Hover Presenter] - System.err - at org.scalaide.ui.internal.editor.hover.ScalaHoverImpl$$anonfun$1.apply(ScalaHoverImpl.scala:101)
2016-06-13 19:30:02,319 ERROR [Text Viewer Hover Presenter] - System.err - at scala.Option.map(Option.scala:146)
2016-06-13 19:30:02,319 ERROR [Text Viewer Hover Presenter] - System.err - at org.scalaide.ui.internal.editor.hover.ScalaHoverImpl.getHoverInfo2(ScalaHoverImpl.scala:101)
2016-06-13 19:30:02,319 ERROR [Text Viewer Hover Presenter] - System.err - at org.eclipse.jface.text.TextViewerHoverManager$4.run(TextViewerHoverManager.java:166)
2016-06-13 19:30:05,141  WARN [Worker-3] - ScalaProject - Project samples has platform default sourceLevel.
2016-06-13 19:30:05,141  WARN [Worker-3] - ScalaProject - Project samples runs on platform default installation.
2016-06-13 19:30:06,207  WARN [Worker-0] - ScalaProject - Project samples has platform default sourceLevel.
2016-06-13 19:30:06,207  WARN [Worker-0] - ScalaProject - Project samples runs on platform default installation.
2016-06-13 19:30:10,140  WARN [Worker-2] - ScalaProject - Project samples has platform default sourceLevel.
2016-06-13 19:30:10,140  WARN [Worker-2] - ScalaProject - Project samples runs on platform default installation.
2016-06-13 19:30:11,203  WARN [Worker-5] - ScalaProject - Project samples has platform default sourceLevel.
2016-06-13 19:30:11,204  WARN [Worker-5] - ScalaProject - Project samples runs on platform default installation.
2016-06-13 19:30:12,968 ERROR [Text Viewer Hover Presenter] - System.err - Exception in thread "Text Viewer Hover Presenter"
2016-06-13 19:30:12,968 ERROR [Text Viewer Hover Presenter] - System.err - org.eclipse.core.internal.resources.ResourceException: Resource '/samples/src/week1/exercise1.sc' does not exist.
2016-06-13 19:30:12,969 ERROR [Text Viewer Hover Presenter] - System.err - at org.eclipse.core.internal.resources.Resource.checkExists(Resource.java:341)
2016-06-13 19:30:12,969 ERROR [Text Viewer Hover Presenter] - System.err - at org.eclipse.core.internal.resources.Resource.checkAccessible(Resource.java:215)
2016-06-13 19:30:12,969 ERROR [Text Viewer Hover Presenter] - System.err - at org.eclipse.core.internal.resources.File.getContents(File.java:288)
2016-06-13 19:30:12,969 ERROR [Text Viewer Hover Presenter] - System.err - at org.scalaide.core.resources.EclipseFile.input(EclipseFile.scala:104)
2016-06-13 19:30:12,969 ERROR [Text Viewer Hover Presenter] - System.err - at scala.reflect.io.AbstractFile.toByteArray(AbstractFile.scala:167)
2016-06-13 19:30:12,969 ERROR [Text Viewer Hover Presenter] - System.err - at scala.reflect.io.AbstractFile.toCharArray(AbstractFile.scala:161)
2016-06-13 19:30:12,969 ERROR [Text Viewer Hover Presenter] - System.err - at org.scalaide.worksheet.ScriptCompilationUnit$$anonfun$getContents$2.apply(ScriptCompilationUnit.scala:53)
2016-06-13 19:30:12,969 ERROR [Text Viewer Hover Presenter] - System.err - at org.scalaide.worksheet.ScriptCompilationUnit$$anonfun$getContents$2.apply(ScriptCompilationUnit.scala:53)
2016-06-13 19:30:12,969 ERROR [Text Viewer Hover Presenter] - System.err - at scala.Option.getOrElse(Option.scala:121)
2016-06-13 19:30:12,969 ERROR [Text Viewer Hover Presenter] - System.err - at org.scalaide.worksheet.ScriptCompilationUnit.getContents(ScriptCompilationUnit.scala:53)
2016-06-13 19:30:12,969 ERROR [Text Viewer Hover Presenter] - System.err - at org.scalaide.worksheet.ScriptCompilationUnit.lastSourceMap(ScriptCompilationUnit.scala:37)
2016-06-13 19:30:12,969 ERROR [Text Viewer Hover Presenter] - System.err - at org.scalaide.core.compiler.InteractiveCompilationUnit$$anonfun$withSourceFile$1.apply(InteractiveCompilationUnit.scala:201)
2016-06-13 19:30:12,969 ERROR [Text Viewer Hover Presenter] - System.err - at org.scalaide.core.compiler.InteractiveCompilationUnit$$anonfun$withSourceFile$1.apply(InteractiveCompilationUnit.scala:201)
2016-06-13 19:30:12,969 ERROR [Text Viewer Hover Presenter] - System.err - at org.scalaide.core.internal.compiler.PresentationCompilerProxy$$anonfun$internal$1.apply(PresentationCompilerProxy.scala:99)
2016-06-13 19:30:12,969 ERROR [Text Viewer Hover Presenter] - System.err - at org.scalaide.core.internal.compiler.PresentationCompilerProxy$$anonfun$internal$1.apply(PresentationCompilerProxy.scala:98)
2016-06-13 19:30:12,969 ERROR [Text Viewer Hover Presenter] - System.err - at scala.Option.flatMap(Option.scala:171)
2016-06-13 19:30:12,969 ERROR [Text Viewer Hover Presenter] - System.err - at org.scalaide.core.internal.compiler.PresentationCompilerProxy.internal(PresentationCompilerProxy.scala:98)
2016-06-13 19:30:12,969 ERROR [Text Viewer Hover Presenter] - System.err - at org.scalaide.core.internal.compiler.PresentationCompilerProxy.apply(PresentationCompilerProxy.scala:56)
2016-06-13 19:30:12,969 ERROR [Text Viewer Hover Presenter] - System.err - at org.scalaide.core.compiler.InteractiveCompilationUnit$class.withSourceFile(InteractiveCompilationUnit.scala:201)
2016-06-13 19:30:12,969 ERROR [Text Viewer Hover Presenter] - System.err - at org.scalaide.worksheet.ScriptCompilationUnit.withSourceFile(ScriptCompilationUnit.scala:26)
2016-06-13 19:30:12,969 ERROR [Text Viewer Hover Presenter] - System.err - at org.scalaide.core.internal.compiler.Scaladoc$$anonfun$1.apply(ScalaDoc.scala:48)
2016-06-13 19:30:12,969 ERROR [Text Viewer Hover Presenter] - System.err - at org.scalaide.core.internal.compiler.Scaladoc$$anonfun$1.apply(ScalaDoc.scala:48)
2016-06-13 19:30:12,969 ERROR [Text Viewer Hover Presenter] - System.err - at scala.Option.map(Option.scala:146)
2016-06-13 19:30:12,969 ERROR [Text Viewer Hover Presenter] - System.err - at org.scalaide.core.internal.compiler.Scaladoc$class.parsedDocComment(ScalaDoc.scala:48)
2016-06-13 19:30:12,969 ERROR [Text Viewer Hover Presenter] - System.err - at org.scalaide.core.internal.compiler.ScalaPresentationCompiler.parsedDocComment(ScalaPresentationCompiler.scala:52)
2016-06-13 19:30:12,969 ERROR [Text Viewer Hover Presenter] - System.err - at org.scalaide.ui.internal.editor.hover.ScalaHoverImpl$$anonfun$1$$anonfun$apply$3$$anonfun$9.apply(ScalaHoverImpl.scala:227)
2016-06-13 19:30:12,969 ERROR [Text Viewer Hover Presenter] - System.err - at org.scalaide.ui.internal.editor.hover.ScalaHoverImpl$$anonfun$1$$anonfun$apply$3$$anonfun$9.apply(ScalaHoverImpl.scala:226)
2016-06-13 19:30:12,969 ERROR [Text Viewer Hover Presenter] - System.err - at scala.Option$WithFilter.flatMap(Option.scala:208)
2016-06-13 19:30:12,969 ERROR [Text Viewer Hover Presenter] - System.err - at org.scalaide.ui.internal.editor.hover.ScalaHoverImpl$$anonfun$1$$anonfun$apply$3.docComment$lzycompute$1(ScalaHoverImpl.scala:226)
2016-06-13 19:30:12,969 ERROR [Text Viewer Hover Presenter] - System.err - at org.scalaide.ui.internal.editor.hover.ScalaHoverImpl$$anonfun$1$$anonfun$apply$3.docComment$1(ScalaHoverImpl.scala:205)
2016-06-13 19:30:12,969 ERROR [Text Viewer Hover Presenter] - System.err - at org.scalaide.ui.internal.editor.hover.ScalaHoverImpl$$anonfun$1$$anonfun$apply$3.apply(ScalaHoverImpl.scala:238)
2016-06-13 19:30:12,969 ERROR [Text Viewer Hover Presenter] - System.err - at org.scalaide.ui.internal.editor.hover.ScalaHoverImpl$$anonfun$1$$anonfun$apply$3.apply(ScalaHoverImpl.scala:103)
2016-06-13 19:30:12,969 ERROR [Text Viewer Hover Presenter] - System.err - at org.scalaide.core.compiler.InteractiveCompilationUnit$$anonfun$withSourceFile$1.apply(InteractiveCompilationUnit.scala:201)
2016-06-13 19:30:12,969 ERROR [Text Viewer Hover Presenter] - System.err - at org.scalaide.core.compiler.InteractiveCompilationUnit$$anonfun$withSourceFile$1.apply(InteractiveCompilationUnit.scala:201)
2016-06-13 19:30:12,969 ERROR [Text Viewer Hover Presenter] - System.err - at org.scalaide.core.internal.compiler.PresentationCompilerProxy$$anonfun$internal$1.apply(PresentationCompilerProxy.scala:99)
2016-06-13 19:30:12,969 ERROR [Text Viewer Hover Presenter] - System.err - at org.scalaide.core.internal.compiler.PresentationCompilerProxy$$anonfun$internal$1.apply(PresentationCompilerProxy.scala:98)
2016-06-13 19:30:12,969 ERROR [Text Viewer Hover Presenter] - System.err - at scala.Option.flatMap(Option.scala:171)
2016-06-13 19:30:12,969 ERROR [Text Viewer Hover Presenter] - System.err - at org.scalaide.core.internal.compiler.PresentationCompilerProxy.internal(PresentationCompilerProxy.scala:98)
2016-06-13 19:30:12,969 ERROR [Text Viewer Hover Presenter] - System.err - at org.scalaide.core.internal.compiler.PresentationCompilerProxy.apply(PresentationCompilerProxy.scala:56)
2016-06-13 19:30:12,969 ERROR [Text Viewer Hover Presenter] - System.err - at org.scalaide.core.compiler.InteractiveCompilationUnit$class.withSourceFile(InteractiveCompilationUnit.scala:201)
2016-06-13 19:30:12,969 ERROR [Text Viewer Hover Presenter] - System.err - at org.scalaide.worksheet.ScriptCompilationUnit.withSourceFile(ScriptCompilationUnit.scala:26)
2016-06-13 19:30:12,969 ERROR [Text Viewer Hover Presenter] - System.err - at org.scalaide.ui.internal.editor.hover.ScalaHoverImpl$$anonfun$1.apply(ScalaHoverImpl.scala:103)
2016-06-13 19:30:12,969 ERROR [Text Viewer Hover Presenter] - System.err - at org.scalaide.ui.internal.editor.hover.ScalaHoverImpl$$anonfun$1.apply(ScalaHoverImpl.scala:101)
2016-06-13 19:30:12,969 ERROR [Text Viewer Hover Presenter] - System.err - at scala.Option.map(Option.scala:146)
2016-06-13 19:30:12,969 ERROR [Text Viewer Hover Presenter] - System.err - at org.scalaide.ui.internal.editor.hover.ScalaHoverImpl.getHoverInfo2(ScalaHoverImpl.scala:101)
2016-06-13 19:30:12,969 ERROR [Text Viewer Hover Presenter] - System.err - at org.eclipse.jface.text.TextViewerHoverManager$4.run(TextViewerHoverManager.java:166)
2016-06-13 19:30:17,032  WARN [Worker-0] - ScalaProject - Project samples has platform default sourceLevel.
2016-06-13 19:30:17,033  WARN [Worker-0] - ScalaProject - Project samples runs on platform default installation.
2016-06-13 19:30:28,127  WARN [Worker-0] - ScalaProject - Project samples has platform default sourceLevel.
2016-06-13 19:30:28,127  WARN [Worker-0] - ScalaProject - Project samples runs on platform default installation.
2016-06-13 19:30:35,363  WARN [Worker-6] - ScalaProject - Project samples has platform default sourceLevel.
2016-06-13 19:30:35,364  WARN [Worker-6] - ScalaProject - Project samples runs on platform default installation.
2016-06-13 19:30:36,430  WARN [Worker-0] - ScalaProject - Project samples has platform default sourceLevel.
2016-06-13 19:30:36,430  WARN [Worker-0] - ScalaProject - Project samples runs on platform default installation.
2016-06-13 19:30:46,459  WARN [Worker-4] - ScalaProject - Project samples has platform default sourceLevel.
2016-06-13 19:30:46,459  WARN [Worker-4] - ScalaProject - Project samples runs on platform default installation.
2016-06-13 19:30:47,473  WARN [Worker-6] - ScalaProject - Project samples has platform default sourceLevel.
2016-06-13 19:30:47,473  WARN [Worker-6] - ScalaProject - Project samples runs on platform default installation.
2016-06-13 19:30:57,385  WARN [Worker-2] - ScalaProject - Project samples has platform default sourceLevel.
2016-06-13 19:30:57,385  WARN [Worker-2] - ScalaProject - Project samples runs on platform default installation.
2016-06-13 19:30:58,450  WARN [Worker-3] - ScalaProject - Project samples has platform default sourceLevel.
2016-06-13 19:30:58,450  WARN [Worker-3] - ScalaProject - Project samples runs on platform default installation.
2016-06-13 19:31:04,372  WARN [Worker-3] - ScalaProject - Project samples has platform default sourceLevel.
2016-06-13 19:31:04,372  WARN [Worker-3] - ScalaProject - Project samples runs on platform default installation.
2016-06-13 19:31:13,555  WARN [Worker-11] - ScalaProject - Project samples has platform default sourceLevel.
2016-06-13 19:31:13,555  WARN [Worker-11] - ScalaProject - Project samples runs on platform default installation.
2016-06-13 19:31:26,073  WARN [Worker-0] - ScalaProject - Project samples has platform default sourceLevel.
2016-06-13 19:31:26,074  WARN [Worker-0] - ScalaProject - Project samples runs on platform default installation.
2016-06-13 19:31:34,220  WARN [Worker-5] - ScalaProject - Project samples has platform default sourceLevel.
2016-06-13 19:31:34,221  WARN [Worker-5] - ScalaProject - Project samples runs on platform default installation.
2016-06-13 19:31:46,153  WARN [Worker-4] - ScalaProject - Project samples has platform default sourceLevel.
2016-06-13 19:31:46,153  WARN [Worker-4] - ScalaProject - Project samples runs on platform default installation.
2016-06-13 19:31:47,220  WARN [Worker-3] - ScalaProject - Project samples has platform default sourceLevel.
2016-06-13 19:31:47,220  WARN [Worker-3] - ScalaProject - Project samples runs on platform default installation.
2016-06-13 19:31:56,966  WARN [Worker-6] - ScalaProject - Project samples has platform default sourceLevel.
2016-06-13 19:31:56,966  WARN [Worker-6] - ScalaProject - Project samples runs on platform default installation.
2016-06-13 19:31:58,032  WARN [Worker-3] - ScalaProject - Project samples has platform default sourceLevel.
2016-06-13 19:31:58,032  WARN [Worker-3] - ScalaProject - Project samples runs on platform default installation.
2016-06-13 19:32:05,537  WARN [Worker-5] - ScalaProject - Project samples has platform default sourceLevel.
2016-06-13 19:32:05,537  WARN [Worker-5] - ScalaProject - Project samples runs on platform default installation.
2016-06-13 19:32:06,605  WARN [Worker-2] - ScalaProject - Project samples has platform default sourceLevel.
2016-06-13 19:32:06,605  WARN [Worker-2] - ScalaProject - Project samples runs on platform default installation.
2016-06-13 19:32:30,352  WARN [Worker-1] - ScalaProject - Project samples has platform default sourceLevel.
2016-06-13 19:32:30,356  WARN [Worker-1] - ScalaProject - Project samples runs on platform default installation.
2016-06-13 19:32:31,074  WARN [Worker-1] - ScalaProject - Project samples has platform default sourceLevel.
2016-06-13 19:32:31,074  WARN [Worker-1] - ScalaProject - Project samples runs on platform default installation.
2016-06-13 19:32:31,143  WARN [Worker-1] - ScalaProject - Project samples has platform default sourceLevel.
2016-06-13 19:32:31,144  WARN [Worker-1] - ScalaProject - Project samples runs on platform default installation.
2016-06-13 19:32:32,633  WARN [main] - org.scala-ide.sdt.core - org.scala-ide.sdt.core - org.scala-ide.sdt.core - 0 - Preference scala.compiler.sourceLevel was uninitialized for example, setting default to 2.11.
2016-06-13 19:32:32,638  WARN [main] - org.scala-ide.sdt.core - org.scala-ide.sdt.core - org.scala-ide.sdt.core - 0 - Preference scala.compiler.installation was uninitialized for example, setting default to 2.11.
2016-06-13 19:32:40,708  WARN [org.eclipse.jface.text.reconciler.MonoReconciler] - ScalaProject - Project samples has platform default sourceLevel.
2016-06-13 19:32:40,708  WARN [org.eclipse.jface.text.reconciler.MonoReconciler] - ScalaProject - Project samples runs on platform default installation.
2016-06-13 19:33:12,051  WARN [Worker-3] - ScalaProject - Project samples has platform default sourceLevel.
2016-06-13 19:33:12,051  WARN [Worker-3] - ScalaProject - Project samples runs on platform default installation.
2016-06-13 19:33:13,706  WARN [Worker-0] - ScalaProject - Project samples has platform default sourceLevel.
2016-06-13 19:33:13,707  WARN [Worker-0] - ScalaProject - Project samples runs on platform default installation.
2016-06-13 19:33:16,641  WARN [Worker-0] - ScalaProject - Project samples has platform default sourceLevel.
2016-06-13 19:33:16,641  WARN [Worker-0] - ScalaProject - Project samples runs on platform default installation.
2016-06-13 19:34:16,665  WARN [Worker-4] - ScalaProject - Project samples has platform default sourceLevel.
2016-06-13 19:34:16,666  WARN [Worker-4] - ScalaProject - Project samples runs on platform default installation.
2016-06-13 19:34:29,836  WARN [org.eclipse.jface.text.reconciler.MonoReconciler] - ScalaProject - Project samples has platform default sourceLevel.
2016-06-13 19:34:29,836  WARN [org.eclipse.jface.text.reconciler.MonoReconciler] - ScalaProject - Project samples runs on platform default installation.
2016-06-13 19:34:29,920 ERROR [org.eclipse.jface.text.reconciler.MonoReconciler] - System.err - Exception in thread "org.eclipse.jface.text.reconciler.MonoReconciler"
2016-06-13 19:34:29,921 ERROR [org.eclipse.jface.text.reconciler.MonoReconciler] - System.err - org.eclipse.core.internal.resources.ResourceException: Resource '/samples/src/week2/exercise.sc' does not exist.
2016-06-13 19:34:29,921 ERROR [org.eclipse.jface.text.reconciler.MonoReconciler] - System.err - at org.eclipse.core.internal.resources.Resource.checkExists(Resource.java:341)
2016-06-13 19:34:29,921 ERROR [org.eclipse.jface.text.reconciler.MonoReconciler] - System.err - at org.eclipse.core.internal.resources.Resource.checkAccessible(Resource.java:215)
2016-06-13 19:34:29,921 ERROR [org.eclipse.jface.text.reconciler.MonoReconciler] - System.err - at org.eclipse.core.internal.resources.File.getContents(File.java:288)
2016-06-13 19:34:29,921 ERROR [org.eclipse.jface.text.reconciler.MonoReconciler] - System.err - at org.scalaide.core.resources.EclipseFile.input(EclipseFile.scala:104)
2016-06-13 19:34:29,921 ERROR [org.eclipse.jface.text.reconciler.MonoReconciler] - System.err - at scala.reflect.io.AbstractFile.toByteArray(AbstractFile.scala:167)
2016-06-13 19:34:29,921 ERROR [org.eclipse.jface.text.reconciler.MonoReconciler] - System.err - at scala.reflect.io.AbstractFile.toCharArray(AbstractFile.scala:161)
2016-06-13 19:34:29,921 ERROR [org.eclipse.jface.text.reconciler.MonoReconciler] - System.err - at org.scalaide.worksheet.ScriptCompilationUnit$$anonfun$getContents$2.apply(ScriptCompilationUnit.scala:53)
2016-06-13 19:34:29,922 ERROR [org.eclipse.jface.text.reconciler.MonoReconciler] - System.err - at org.scalaide.worksheet.ScriptCompilationUnit$$anonfun$getContents$2.apply(ScriptCompilationUnit.scala:53)
2016-06-13 19:34:29,922 ERROR [org.eclipse.jface.text.reconciler.MonoReconciler] - System.err - at scala.Option.getOrElse(Option.scala:121)
2016-06-13 19:34:29,922 ERROR [org.eclipse.jface.text.reconciler.MonoReconciler] - System.err - at org.scalaide.worksheet.ScriptCompilationUnit.getContents(ScriptCompilationUnit.scala:53)
2016-06-13 19:34:29,922 ERROR [org.eclipse.jface.text.reconciler.MonoReconciler] - System.err - at org.scalaide.worksheet.ScriptCompilationUnit.lastSourceMap(ScriptCompilationUnit.scala:37)
2016-06-13 19:34:29,922 ERROR [org.eclipse.jface.text.reconciler.MonoReconciler] - System.err - at org.scalaide.core.internal.compiler.ScalaPresentationCompiler$$anonfun$askReload$2$$anonfun$apply$5.apply(ScalaPresentationCompiler.scala:281)
2016-06-13 19:34:29,922 ERROR [org.eclipse.jface.text.reconciler.MonoReconciler] - System.err - at org.scalaide.core.internal.compiler.ScalaPresentationCompiler$$anonfun$askReload$2$$anonfun$apply$5.apply(ScalaPresentationCompiler.scala:281)
2016-06-13 19:34:29,922 ERROR [org.eclipse.jface.text.reconciler.MonoReconciler] - System.err - at scala.collection.immutable.List.map(List.scala:273)
2016-06-13 19:34:29,922 ERROR [org.eclipse.jface.text.reconciler.MonoReconciler] - System.err - at org.scalaide.core.internal.compiler.ScalaPresentationCompiler$$anonfun$askReload$2.apply(ScalaPresentationCompiler.scala:281)
2016-06-13 19:34:29,922 ERROR [org.eclipse.jface.text.reconciler.MonoReconciler] - System.err - at org.scalaide.core.internal.compiler.ScalaPresentationCompiler$$anonfun$askReload$2.apply(ScalaPresentationCompiler.scala:281)
2016-06-13 19:34:29,922 ERROR [org.eclipse.jface.text.reconciler.MonoReconciler] - System.err - at org.scalaide.core.compiler.IScalaPresentationCompiler$.withResponse(IScalaPresentationCompiler.scala:307)
2016-06-13 19:34:29,922 ERROR [org.eclipse.jface.text.reconciler.MonoReconciler] - System.err - at org.scalaide.core.internal.compiler.ScalaPresentationCompiler.askReload(ScalaPresentationCompiler.scala:281)
2016-06-13 19:34:29,922 ERROR [org.eclipse.jface.text.reconciler.MonoReconciler] - System.err - at org.scalaide.core.internal.compiler.PresentationCompilerProxy.obtainPc$1(PresentationCompilerProxy.scala:93)
2016-06-13 19:34:29,922 ERROR [org.eclipse.jface.text.reconciler.MonoReconciler] - System.err - at org.scalaide.core.internal.compiler.PresentationCompilerProxy.internal(PresentationCompilerProxy.scala:98)
2016-06-13 19:34:29,922 ERROR [org.eclipse.jface.text.reconciler.MonoReconciler] - System.err - at org.scalaide.core.internal.compiler.PresentationCompilerProxy.apply(PresentationCompilerProxy.scala:56)
2016-06-13 19:34:29,922 ERROR [org.eclipse.jface.text.reconciler.MonoReconciler] - System.err - at org.scalaide.core.compiler.InteractiveCompilationUnit$class.initialReconcile(InteractiveCompilationUnit.scala:163)
2016-06-13 19:34:29,922 ERROR [org.eclipse.jface.text.reconciler.MonoReconciler] - System.err - at org.scalaide.worksheet.ScriptCompilationUnit.initialReconcile(ScriptCompilationUnit.scala:26)
2016-06-13 19:34:29,922 ERROR [org.eclipse.jface.text.reconciler.MonoReconciler] - System.err - at org.scalaide.worksheet.reconciler.ScalaReconcilingStrategy.initialReconcile(ScalaReconcilingStrategy.scala:46)
2016-06-13 19:34:29,923 ERROR [org.eclipse.jface.text.reconciler.MonoReconciler] - System.err - at org.eclipse.jface.text.reconciler.MonoReconciler.initialProcess(MonoReconciler.java:105)
2016-06-13 19:34:29,923 ERROR [org.eclipse.jface.text.reconciler.MonoReconciler] - System.err - at org.eclipse.jface.text.reconciler.AbstractReconciler$BackgroundThread.run(AbstractReconciler.java:173)
2016-06-13 19:34:37,003  WARN [Worker-3] - ScalaProject - Project samples has platform default sourceLevel.
2016-06-13 19:34:37,003  WARN [Worker-3] - ScalaProject - Project samples runs on platform default installation.
2016-06-13 19:34:38,071  WARN [Worker-3] - ScalaProject - Project samples has platform default sourceLevel.
2016-06-13 19:34:38,071  WARN [Worker-3] - ScalaProject - Project samples runs on platform default installation.
